#
# There is insufficient memory for the Java Runtime Environment to continue.
# Native memory allocation (malloc) failed to allocate 1482576 bytes for Chunk::new
# Possible reasons:
#   The system is out of physical RAM or swap space
#   The process is running with CompressedOops enabled, and the Java Heap may be blocking the growth of the native heap
# Possible solutions:
#   Reduce memory load on the system
#   Increase physical memory or swap space
#   Check if swap backing store is full
#   Decrease Java heap size (-Xmx/-Xms)
#   Decrease number of Java threads
#   Decrease Java thread stack sizes (-Xss)
#   Set larger code cache with -XX:ReservedCodeCacheSize=
#   JVM is running with Zero Based Compressed Oops mode in which the Java heap is
#     placed in the first 32GB address space. The Java Heap base address is the
#     maximum limit for the native heap growth. Please use -XX:HeapBaseMinAddress
#     to set the Java Heap base and to place the Java Heap above 32GB virtual address.
# This output file may be truncated or incomplete.
#
#  Out of Memory Error (./open/src/hotspot/share/memory/arena.cpp:195), pid=18940, tid=18892
#
# JRE version: OpenJDK Runtime Environment (14.0.2+12) (build 14.0.2+12-46)
# Java VM: OpenJDK 64-Bit Server VM (14.0.2+12-46, mixed mode, tiered, compressed oops, g1 gc, windows-amd64)
# No core dump will be written. Minidumps are not enabled by default on client versions of Windows
#

---------------  S U M M A R Y ------------

Command Line: -Dfile.encoding=Cp1252 -XX:+ShowCodeDetailsInExceptionMessages ProyectoG4.VGeneros

Host: AMD Ryzen 5 1600 Six-Core Processor            , 12 cores, 15G,  Windows 10 , 64 bit Build 18362 (10.0.18362.1110)
Time: Wed Nov 18 20:36:44 2020 Hora estándar romance elapsed time: 2 seconds (0d 0h 0m 2s)

---------------  T H R E A D  ---------------

Current thread (0x000001bc205ab000):  JavaThread "C2 CompilerThread1" daemon [_thread_in_native, id=18892, stack(0x0000004d3a600000,0x0000004d3a700000)]


Current CompileTask:
C2:   2688 1078   !   4       sun.awt.image.PNGImageDecoder::produceImage (1917 bytes)

Stack: [0x0000004d3a600000,0x0000004d3a700000]
Native frames: (J=compiled Java code, j=interpreted, Vv=VM code, C=native code)
V  [jvm.dll+0x5f8a9a]
V  [jvm.dll+0x74247a]
V  [jvm.dll+0x743c2f]
V  [jvm.dll+0x744273]
V  [jvm.dll+0x20d288]
V  [jvm.dll+0xabb07]
V  [jvm.dll+0xac1fc]
V  [jvm.dll+0x31c438]
V  [jvm.dll+0x18cc10]
V  [jvm.dll+0x1e5efa]
V  [jvm.dll+0x1e50b8]
V  [jvm.dll+0x1779cc]
V  [jvm.dll+0x1f4105]
V  [jvm.dll+0x1f22eb]
V  [jvm.dll+0x7070cd]
V  [jvm.dll+0x6ffeda]
V  [jvm.dll+0x5f78f6]
C  [ucrtbase.dll+0x210b2]
C  [KERNEL32.DLL+0x17c24]
C  [ntdll.dll+0x6d4d1]


---------------  P R O C E S S  ---------------

Threads class SMR info:
_java_thread_list=0x000001bc22af9d20, length=19, elements={
0x000001bc1fd7a000, 0x000001bc1fd7b000, 0x000001bc1fdb2800, 0x000001bc1fdb5800,
0x000001bc1fdb6800, 0x000001bc1fdc4000, 0x000001bc1fdc6000, 0x000001bc1fddd800,
0x000001bc1ff72000, 0x000001bc1ff87000, 0x000001bc203f6800, 0x000001bc203b9000,
0x000001bc203ba000, 0x000001bc20406000, 0x000001bc7fced000, 0x000001bc20535800,
0x000001bc208b7000, 0x000001bc205ab000, 0x000001bc23d28800
}

Java Threads: ( => current thread )
  0x000001bc1fd7a000 JavaThread "Reference Handler" daemon [_thread_blocked, id=13864, stack(0x0000004d39200000,0x0000004d39300000)]
  0x000001bc1fd7b000 JavaThread "Finalizer" daemon [_thread_blocked, id=2068, stack(0x0000004d39300000,0x0000004d39400000)]
  0x000001bc1fdb2800 JavaThread "Signal Dispatcher" daemon [_thread_blocked, id=12612, stack(0x0000004d39400000,0x0000004d39500000)]
  0x000001bc1fdb5800 JavaThread "Attach Listener" daemon [_thread_blocked, id=14000, stack(0x0000004d39500000,0x0000004d39600000)]
  0x000001bc1fdb6800 JavaThread "Service Thread" daemon [_thread_blocked, id=19100, stack(0x0000004d39600000,0x0000004d39700000)]
  0x000001bc1fdc4000 JavaThread "C2 CompilerThread0" daemon [_thread_in_native, id=7324, stack(0x0000004d39700000,0x0000004d39800000)]
  0x000001bc1fdc6000 JavaThread "C1 CompilerThread0" daemon [_thread_in_vm, id=19176, stack(0x0000004d39800000,0x0000004d39900000)]
  0x000001bc1fddd800 JavaThread "Sweeper thread" daemon [_thread_blocked, id=17528, stack(0x0000004d39900000,0x0000004d39a00000)]
  0x000001bc1ff72000 JavaThread "Notification Thread" daemon [_thread_blocked, id=17444, stack(0x0000004d39a00000,0x0000004d39b00000)]
  0x000001bc1ff87000 JavaThread "Common-Cleaner" daemon [_thread_blocked, id=17356, stack(0x0000004d39c00000,0x0000004d39d00000)]
  0x000001bc203f6800 JavaThread "Java2D Disposer" daemon [_thread_blocked, id=18024, stack(0x0000004d39d00000,0x0000004d39e00000)]
  0x000001bc203b9000 JavaThread "AWT-Shutdown" [_thread_blocked, id=17476, stack(0x0000004d39e00000,0x0000004d39f00000)]
  0x000001bc203ba000 JavaThread "AWT-Windows" daemon [_thread_in_native, id=19300, stack(0x0000004d39f00000,0x0000004d3a000000)]
  0x000001bc20406000 JavaThread "AWT-EventQueue-0" [_thread_in_native, id=16220, stack(0x0000004d3a000000,0x0000004d3a100000)]
  0x000001bc7fced000 JavaThread "DestroyJavaVM" [_thread_blocked, id=4040, stack(0x0000004d38b00000,0x0000004d38c00000)]
  0x000001bc20535800 JavaThread "Image Fetcher 0" daemon [_thread_blocked, id=9780, stack(0x0000004d3a300000,0x0000004d3a400000)]
  0x000001bc208b7000 JavaThread "TimerQueue" daemon [_thread_blocked, id=17100, stack(0x0000004d3a500000,0x0000004d3a600000)]
=>0x000001bc205ab000 JavaThread "C2 CompilerThread1" daemon [_thread_in_native, id=18892, stack(0x0000004d3a600000,0x0000004d3a700000)]
  0x000001bc23d28800 JavaThread "C2 CompilerThread2" daemon [_thread_in_native, id=17352, stack(0x0000004d3a700000,0x0000004d3a800000)]

Other Threads:
  0x000001bc1fd76800 VMThread "VM Thread" [stack: 0x0000004d39100000,0x0000004d39200000] [id=2900]
  0x000001bc1ff73000 WatcherThread [stack: 0x0000004d39b00000,0x0000004d39c00000] [id=1496]
  0x000001bc7fd55800 GCTaskThread "GC Thread#0" [stack: 0x0000004d38c00000,0x0000004d38d00000] [id=17320]
  0x000001bc7fd78800 ConcurrentGCThread "G1 Main Marker" [stack: 0x0000004d38d00000,0x0000004d38e00000] [id=18048]
  0x000001bc7fd79800 ConcurrentGCThread "G1 Conc#0" [stack: 0x0000004d38e00000,0x0000004d38f00000] [id=14136]
  0x000001bc1eb03000 ConcurrentGCThread "G1 Refine#0" [stack: 0x0000004d38f00000,0x0000004d39000000] [id=18740]
  0x000001bc1eb05000 ConcurrentGCThread "G1 Young RemSet Sampling" [stack: 0x0000004d39000000,0x0000004d39100000] [id=18844]

Threads with active compile tasks:
C2 CompilerThread0     2705 1230 %     4       java.awt.image.RGBImageFilter::setPixels @ 58 (119 bytes)
C1 CompilerThread0     2705 1260       3       jdk.internal.misc.Unsafe::checkPrimitivePointer (19 bytes)
C2 CompilerThread1     2705 1078   !   4       sun.awt.image.PNGImageDecoder::produceImage (1917 bytes)
C2 CompilerThread2     2705 1238       4       java.util.HashMap::put (13 bytes)

VM state:not at safepoint (normal execution)

VM Mutex/Monitor currently owned by a thread: None

Heap address: 0x0000000700e00000, size: 4082 MB, Compressed Oops mode: Zero based, Oop shift amount: 3
Narrow klass base: 0x0000000800000000, Narrow klass shift: 0
Compressed class space size: 1073741824 Address: 0x0000000800000000

Heap:
 garbage-first heap   total 262144K, used 18432K [0x0000000700e00000, 0x0000000800000000)
  region size 1024K, 18 young (18432K), 0 survivors (0K)
 Metaspace       used 16890K, capacity 17164K, committed 17280K, reserved 1064960K
  class space    used 1770K, capacity 1873K, committed 1920K, reserved 1048576K
Heap Regions: E=young(eden), S=young(survivor), O=old, HS=humongous(starts), HC=humongous(continues), CS=collection set, F=free, OA=open archive, CA=closed archive, TAMS=top-at-mark-start (previous, next)
|   0|0x0000000700e00000, 0x0000000700f00000, 0x0000000700f00000|100%|HS|  |TAMS 0x0000000700e00000, 0x0000000700e00000| Complete 
|   1|0x0000000700f00000, 0x0000000701000000, 0x0000000701000000|100%|HC|  |TAMS 0x0000000700f00000, 0x0000000700f00000| Complete 
|   2|0x0000000701000000, 0x0000000701000000, 0x0000000701100000|  0%| F|  |TAMS 0x0000000701000000, 0x0000000701000000| Untracked 
|   3|0x0000000701100000, 0x0000000701100000, 0x0000000701200000|  0%| F|  |TAMS 0x0000000701100000, 0x0000000701100000| Untracked 
|   4|0x0000000701200000, 0x0000000701200000, 0x0000000701300000|  0%| F|  |TAMS 0x0000000701200000, 0x0000000701200000| Untracked 
|   5|0x0000000701300000, 0x0000000701300000, 0x0000000701400000|  0%| F|  |TAMS 0x0000000701300000, 0x0000000701300000| Untracked 
|   6|0x0000000701400000, 0x0000000701400000, 0x0000000701500000|  0%| F|  |TAMS 0x0000000701400000, 0x0000000701400000| Untracked 
|   7|0x0000000701500000, 0x0000000701500000, 0x0000000701600000|  0%| F|  |TAMS 0x0000000701500000, 0x0000000701500000| Untracked 
|   8|0x0000000701600000, 0x0000000701600000, 0x0000000701700000|  0%| F|  |TAMS 0x0000000701600000, 0x0000000701600000| Untracked 
|   9|0x0000000701700000, 0x0000000701700000, 0x0000000701800000|  0%| F|  |TAMS 0x0000000701700000, 0x0000000701700000| Untracked 
|  10|0x0000000701800000, 0x0000000701800000, 0x0000000701900000|  0%| F|  |TAMS 0x0000000701800000, 0x0000000701800000| Untracked 
|  11|0x0000000701900000, 0x0000000701900000, 0x0000000701a00000|  0%| F|  |TAMS 0x0000000701900000, 0x0000000701900000| Untracked 
|  12|0x0000000701a00000, 0x0000000701a00000, 0x0000000701b00000|  0%| F|  |TAMS 0x0000000701a00000, 0x0000000701a00000| Untracked 
|  13|0x0000000701b00000, 0x0000000701b00000, 0x0000000701c00000|  0%| F|  |TAMS 0x0000000701b00000, 0x0000000701b00000| Untracked 
|  14|0x0000000701c00000, 0x0000000701c00000, 0x0000000701d00000|  0%| F|  |TAMS 0x0000000701c00000, 0x0000000701c00000| Untracked 
|  15|0x0000000701d00000, 0x0000000701d00000, 0x0000000701e00000|  0%| F|  |TAMS 0x0000000701d00000, 0x0000000701d00000| Untracked 
|  16|0x0000000701e00000, 0x0000000701e00000, 0x0000000701f00000|  0%| F|  |TAMS 0x0000000701e00000, 0x0000000701e00000| Untracked 
|  17|0x0000000701f00000, 0x0000000701f00000, 0x0000000702000000|  0%| F|  |TAMS 0x0000000701f00000, 0x0000000701f00000| Untracked 
|  18|0x0000000702000000, 0x0000000702000000, 0x0000000702100000|  0%| F|  |TAMS 0x0000000702000000, 0x0000000702000000| Untracked 
|  19|0x0000000702100000, 0x0000000702100000, 0x0000000702200000|  0%| F|  |TAMS 0x0000000702100000, 0x0000000702100000| Untracked 
|  20|0x0000000702200000, 0x0000000702200000, 0x0000000702300000|  0%| F|  |TAMS 0x0000000702200000, 0x0000000702200000| Untracked 
|  21|0x0000000702300000, 0x0000000702300000, 0x0000000702400000|  0%| F|  |TAMS 0x0000000702300000, 0x0000000702300000| Untracked 
|  22|0x0000000702400000, 0x0000000702400000, 0x0000000702500000|  0%| F|  |TAMS 0x0000000702400000, 0x0000000702400000| Untracked 
|  23|0x0000000702500000, 0x0000000702500000, 0x0000000702600000|  0%| F|  |TAMS 0x0000000702500000, 0x0000000702500000| Untracked 
|  24|0x0000000702600000, 0x0000000702600000, 0x0000000702700000|  0%| F|  |TAMS 0x0000000702600000, 0x0000000702600000| Untracked 
|  25|0x0000000702700000, 0x0000000702700000, 0x0000000702800000|  0%| F|  |TAMS 0x0000000702700000, 0x0000000702700000| Untracked 
|  26|0x0000000702800000, 0x0000000702800000, 0x0000000702900000|  0%| F|  |TAMS 0x0000000702800000, 0x0000000702800000| Untracked 
|  27|0x0000000702900000, 0x0000000702900000, 0x0000000702a00000|  0%| F|  |TAMS 0x0000000702900000, 0x0000000702900000| Untracked 
|  28|0x0000000702a00000, 0x0000000702a00000, 0x0000000702b00000|  0%| F|  |TAMS 0x0000000702a00000, 0x0000000702a00000| Untracked 
|  29|0x0000000702b00000, 0x0000000702b00000, 0x0000000702c00000|  0%| F|  |TAMS 0x0000000702b00000, 0x0000000702b00000| Untracked 
|  30|0x0000000702c00000, 0x0000000702c00000, 0x0000000702d00000|  0%| F|  |TAMS 0x0000000702c00000, 0x0000000702c00000| Untracked 
|  31|0x0000000702d00000, 0x0000000702d00000, 0x0000000702e00000|  0%| F|  |TAMS 0x0000000702d00000, 0x0000000702d00000| Untracked 
|  32|0x0000000702e00000, 0x0000000702e00000, 0x0000000702f00000|  0%| F|  |TAMS 0x0000000702e00000, 0x0000000702e00000| Untracked 
|  33|0x0000000702f00000, 0x0000000702f00000, 0x0000000703000000|  0%| F|  |TAMS 0x0000000702f00000, 0x0000000702f00000| Untracked 
|  34|0x0000000703000000, 0x0000000703000000, 0x0000000703100000|  0%| F|  |TAMS 0x0000000703000000, 0x0000000703000000| Untracked 
|  35|0x0000000703100000, 0x0000000703100000, 0x0000000703200000|  0%| F|  |TAMS 0x0000000703100000, 0x0000000703100000| Untracked 
|  36|0x0000000703200000, 0x0000000703200000, 0x0000000703300000|  0%| F|  |TAMS 0x0000000703200000, 0x0000000703200000| Untracked 
|  37|0x0000000703300000, 0x0000000703300000, 0x0000000703400000|  0%| F|  |TAMS 0x0000000703300000, 0x0000000703300000| Untracked 
|  38|0x0000000703400000, 0x0000000703400000, 0x0000000703500000|  0%| F|  |TAMS 0x0000000703400000, 0x0000000703400000| Untracked 
|  39|0x0000000703500000, 0x0000000703500000, 0x0000000703600000|  0%| F|  |TAMS 0x0000000703500000, 0x0000000703500000| Untracked 
|  40|0x0000000703600000, 0x0000000703600000, 0x0000000703700000|  0%| F|  |TAMS 0x0000000703600000, 0x0000000703600000| Untracked 
|  41|0x0000000703700000, 0x0000000703700000, 0x0000000703800000|  0%| F|  |TAMS 0x0000000703700000, 0x0000000703700000| Untracked 
|  42|0x0000000703800000, 0x0000000703800000, 0x0000000703900000|  0%| F|  |TAMS 0x0000000703800000, 0x0000000703800000| Untracked 
|  43|0x0000000703900000, 0x0000000703900000, 0x0000000703a00000|  0%| F|  |TAMS 0x0000000703900000, 0x0000000703900000| Untracked 
|  44|0x0000000703a00000, 0x0000000703a00000, 0x0000000703b00000|  0%| F|  |TAMS 0x0000000703a00000, 0x0000000703a00000| Untracked 
|  45|0x0000000703b00000, 0x0000000703b00000, 0x0000000703c00000|  0%| F|  |TAMS 0x0000000703b00000, 0x0000000703b00000| Untracked 
|  46|0x0000000703c00000, 0x0000000703c00000, 0x0000000703d00000|  0%| F|  |TAMS 0x0000000703c00000, 0x0000000703c00000| Untracked 
|  47|0x0000000703d00000, 0x0000000703d00000, 0x0000000703e00000|  0%| F|  |TAMS 0x0000000703d00000, 0x0000000703d00000| Untracked 
|  48|0x0000000703e00000, 0x0000000703e00000, 0x0000000703f00000|  0%| F|  |TAMS 0x0000000703e00000, 0x0000000703e00000| Untracked 
|  49|0x0000000703f00000, 0x0000000703f00000, 0x0000000704000000|  0%| F|  |TAMS 0x0000000703f00000, 0x0000000703f00000| Untracked 
|  50|0x0000000704000000, 0x0000000704000000, 0x0000000704100000|  0%| F|  |TAMS 0x0000000704000000, 0x0000000704000000| Untracked 
|  51|0x0000000704100000, 0x0000000704100000, 0x0000000704200000|  0%| F|  |TAMS 0x0000000704100000, 0x0000000704100000| Untracked 
|  52|0x0000000704200000, 0x0000000704200000, 0x0000000704300000|  0%| F|  |TAMS 0x0000000704200000, 0x0000000704200000| Untracked 
|  53|0x0000000704300000, 0x0000000704300000, 0x0000000704400000|  0%| F|  |TAMS 0x0000000704300000, 0x0000000704300000| Untracked 
|  54|0x0000000704400000, 0x0000000704400000, 0x0000000704500000|  0%| F|  |TAMS 0x0000000704400000, 0x0000000704400000| Untracked 
|  55|0x0000000704500000, 0x0000000704500000, 0x0000000704600000|  0%| F|  |TAMS 0x0000000704500000, 0x0000000704500000| Untracked 
|  56|0x0000000704600000, 0x0000000704600000, 0x0000000704700000|  0%| F|  |TAMS 0x0000000704600000, 0x0000000704600000| Untracked 
|  57|0x0000000704700000, 0x0000000704700000, 0x0000000704800000|  0%| F|  |TAMS 0x0000000704700000, 0x0000000704700000| Untracked 
|  58|0x0000000704800000, 0x0000000704800000, 0x0000000704900000|  0%| F|  |TAMS 0x0000000704800000, 0x0000000704800000| Untracked 
|  59|0x0000000704900000, 0x0000000704900000, 0x0000000704a00000|  0%| F|  |TAMS 0x0000000704900000, 0x0000000704900000| Untracked 
|  60|0x0000000704a00000, 0x0000000704a00000, 0x0000000704b00000|  0%| F|  |TAMS 0x0000000704a00000, 0x0000000704a00000| Untracked 
|  61|0x0000000704b00000, 0x0000000704b00000, 0x0000000704c00000|  0%| F|  |TAMS 0x0000000704b00000, 0x0000000704b00000| Untracked 
|  62|0x0000000704c00000, 0x0000000704c00000, 0x0000000704d00000|  0%| F|  |TAMS 0x0000000704c00000, 0x0000000704c00000| Untracked 
|  63|0x0000000704d00000, 0x0000000704d00000, 0x0000000704e00000|  0%| F|  |TAMS 0x0000000704d00000, 0x0000000704d00000| Untracked 
|  64|0x0000000704e00000, 0x0000000704e00000, 0x0000000704f00000|  0%| F|  |TAMS 0x0000000704e00000, 0x0000000704e00000| Untracked 
|  65|0x0000000704f00000, 0x0000000704f00000, 0x0000000705000000|  0%| F|  |TAMS 0x0000000704f00000, 0x0000000704f00000| Untracked 
|  66|0x0000000705000000, 0x0000000705000000, 0x0000000705100000|  0%| F|  |TAMS 0x0000000705000000, 0x0000000705000000| Untracked 
|  67|0x0000000705100000, 0x0000000705100000, 0x0000000705200000|  0%| F|  |TAMS 0x0000000705100000, 0x0000000705100000| Untracked 
|  68|0x0000000705200000, 0x0000000705200000, 0x0000000705300000|  0%| F|  |TAMS 0x0000000705200000, 0x0000000705200000| Untracked 
|  69|0x0000000705300000, 0x0000000705300000, 0x0000000705400000|  0%| F|  |TAMS 0x0000000705300000, 0x0000000705300000| Untracked 
|  70|0x0000000705400000, 0x0000000705400000, 0x0000000705500000|  0%| F|  |TAMS 0x0000000705400000, 0x0000000705400000| Untracked 
|  71|0x0000000705500000, 0x0000000705500000, 0x0000000705600000|  0%| F|  |TAMS 0x0000000705500000, 0x0000000705500000| Untracked 
|  72|0x0000000705600000, 0x0000000705600000, 0x0000000705700000|  0%| F|  |TAMS 0x0000000705600000, 0x0000000705600000| Untracked 
|  73|0x0000000705700000, 0x0000000705700000, 0x0000000705800000|  0%| F|  |TAMS 0x0000000705700000, 0x0000000705700000| Untracked 
|  74|0x0000000705800000, 0x0000000705800000, 0x0000000705900000|  0%| F|  |TAMS 0x0000000705800000, 0x0000000705800000| Untracked 
|  75|0x0000000705900000, 0x0000000705900000, 0x0000000705a00000|  0%| F|  |TAMS 0x0000000705900000, 0x0000000705900000| Untracked 
|  76|0x0000000705a00000, 0x0000000705a00000, 0x0000000705b00000|  0%| F|  |TAMS 0x0000000705a00000, 0x0000000705a00000| Untracked 
|  77|0x0000000705b00000, 0x0000000705b00000, 0x0000000705c00000|  0%| F|  |TAMS 0x0000000705b00000, 0x0000000705b00000| Untracked 
|  78|0x0000000705c00000, 0x0000000705c00000, 0x0000000705d00000|  0%| F|  |TAMS 0x0000000705c00000, 0x0000000705c00000| Untracked 
|  79|0x0000000705d00000, 0x0000000705d00000, 0x0000000705e00000|  0%| F|  |TAMS 0x0000000705d00000, 0x0000000705d00000| Untracked 
|  80|0x0000000705e00000, 0x0000000705e00000, 0x0000000705f00000|  0%| F|  |TAMS 0x0000000705e00000, 0x0000000705e00000| Untracked 
|  81|0x0000000705f00000, 0x0000000705f00000, 0x0000000706000000|  0%| F|  |TAMS 0x0000000705f00000, 0x0000000705f00000| Untracked 
|  82|0x0000000706000000, 0x0000000706000000, 0x0000000706100000|  0%| F|  |TAMS 0x0000000706000000, 0x0000000706000000| Untracked 
|  83|0x0000000706100000, 0x0000000706100000, 0x0000000706200000|  0%| F|  |TAMS 0x0000000706100000, 0x0000000706100000| Untracked 
|  84|0x0000000706200000, 0x0000000706200000, 0x0000000706300000|  0%| F|  |TAMS 0x0000000706200000, 0x0000000706200000| Untracked 
|  85|0x0000000706300000, 0x0000000706300000, 0x0000000706400000|  0%| F|  |TAMS 0x0000000706300000, 0x0000000706300000| Untracked 
|  86|0x0000000706400000, 0x0000000706400000, 0x0000000706500000|  0%| F|  |TAMS 0x0000000706400000, 0x0000000706400000| Untracked 
|  87|0x0000000706500000, 0x0000000706500000, 0x0000000706600000|  0%| F|  |TAMS 0x0000000706500000, 0x0000000706500000| Untracked 
|  88|0x0000000706600000, 0x0000000706600000, 0x0000000706700000|  0%| F|  |TAMS 0x0000000706600000, 0x0000000706600000| Untracked 
|  89|0x0000000706700000, 0x0000000706700000, 0x0000000706800000|  0%| F|  |TAMS 0x0000000706700000, 0x0000000706700000| Untracked 
|  90|0x0000000706800000, 0x0000000706800000, 0x0000000706900000|  0%| F|  |TAMS 0x0000000706800000, 0x0000000706800000| Untracked 
|  91|0x0000000706900000, 0x0000000706900000, 0x0000000706a00000|  0%| F|  |TAMS 0x0000000706900000, 0x0000000706900000| Untracked 
|  92|0x0000000706a00000, 0x0000000706a00000, 0x0000000706b00000|  0%| F|  |TAMS 0x0000000706a00000, 0x0000000706a00000| Untracked 
|  93|0x0000000706b00000, 0x0000000706b00000, 0x0000000706c00000|  0%| F|  |TAMS 0x0000000706b00000, 0x0000000706b00000| Untracked 
|  94|0x0000000706c00000, 0x0000000706c00000, 0x0000000706d00000|  0%| F|  |TAMS 0x0000000706c00000, 0x0000000706c00000| Untracked 
|  95|0x0000000706d00000, 0x0000000706d00000, 0x0000000706e00000|  0%| F|  |TAMS 0x0000000706d00000, 0x0000000706d00000| Untracked 
|  96|0x0000000706e00000, 0x0000000706e00000, 0x0000000706f00000|  0%| F|  |TAMS 0x0000000706e00000, 0x0000000706e00000| Untracked 
|  97|0x0000000706f00000, 0x0000000706f00000, 0x0000000707000000|  0%| F|  |TAMS 0x0000000706f00000, 0x0000000706f00000| Untracked 
|  98|0x0000000707000000, 0x0000000707000000, 0x0000000707100000|  0%| F|  |TAMS 0x0000000707000000, 0x0000000707000000| Untracked 
|  99|0x0000000707100000, 0x0000000707100000, 0x0000000707200000|  0%| F|  |TAMS 0x0000000707100000, 0x0000000707100000| Untracked 
| 100|0x0000000707200000, 0x0000000707200000, 0x0000000707300000|  0%| F|  |TAMS 0x0000000707200000, 0x0000000707200000| Untracked 
| 101|0x0000000707300000, 0x0000000707300000, 0x0000000707400000|  0%| F|  |TAMS 0x0000000707300000, 0x0000000707300000| Untracked 
| 102|0x0000000707400000, 0x0000000707400000, 0x0000000707500000|  0%| F|  |TAMS 0x0000000707400000, 0x0000000707400000| Untracked 
| 103|0x0000000707500000, 0x0000000707500000, 0x0000000707600000|  0%| F|  |TAMS 0x0000000707500000, 0x0000000707500000| Untracked 
| 104|0x0000000707600000, 0x0000000707600000, 0x0000000707700000|  0%| F|  |TAMS 0x0000000707600000, 0x0000000707600000| Untracked 
| 105|0x0000000707700000, 0x0000000707700000, 0x0000000707800000|  0%| F|  |TAMS 0x0000000707700000, 0x0000000707700000| Untracked 
| 106|0x0000000707800000, 0x0000000707800000, 0x0000000707900000|  0%| F|  |TAMS 0x0000000707800000, 0x0000000707800000| Untracked 
| 107|0x0000000707900000, 0x0000000707900000, 0x0000000707a00000|  0%| F|  |TAMS 0x0000000707900000, 0x0000000707900000| Untracked 
| 108|0x0000000707a00000, 0x0000000707a00000, 0x0000000707b00000|  0%| F|  |TAMS 0x0000000707a00000, 0x0000000707a00000| Untracked 
| 109|0x0000000707b00000, 0x0000000707b00000, 0x0000000707c00000|  0%| F|  |TAMS 0x0000000707b00000, 0x0000000707b00000| Untracked 
| 110|0x0000000707c00000, 0x0000000707c00000, 0x0000000707d00000|  0%| F|  |TAMS 0x0000000707c00000, 0x0000000707c00000| Untracked 
| 111|0x0000000707d00000, 0x0000000707d00000, 0x0000000707e00000|  0%| F|  |TAMS 0x0000000707d00000, 0x0000000707d00000| Untracked 
| 112|0x0000000707e00000, 0x0000000707e00000, 0x0000000707f00000|  0%| F|  |TAMS 0x0000000707e00000, 0x0000000707e00000| Untracked 
| 113|0x0000000707f00000, 0x0000000707f00000, 0x0000000708000000|  0%| F|  |TAMS 0x0000000707f00000, 0x0000000707f00000| Untracked 
| 114|0x0000000708000000, 0x0000000708000000, 0x0000000708100000|  0%| F|  |TAMS 0x0000000708000000, 0x0000000708000000| Untracked 
| 115|0x0000000708100000, 0x0000000708100000, 0x0000000708200000|  0%| F|  |TAMS 0x0000000708100000, 0x0000000708100000| Untracked 
| 116|0x0000000708200000, 0x0000000708200000, 0x0000000708300000|  0%| F|  |TAMS 0x0000000708200000, 0x0000000708200000| Untracked 
| 117|0x0000000708300000, 0x0000000708300000, 0x0000000708400000|  0%| F|  |TAMS 0x0000000708300000, 0x0000000708300000| Untracked 
| 118|0x0000000708400000, 0x0000000708400000, 0x0000000708500000|  0%| F|  |TAMS 0x0000000708400000, 0x0000000708400000| Untracked 
| 119|0x0000000708500000, 0x0000000708500000, 0x0000000708600000|  0%| F|  |TAMS 0x0000000708500000, 0x0000000708500000| Untracked 
| 120|0x0000000708600000, 0x0000000708600000, 0x0000000708700000|  0%| F|  |TAMS 0x0000000708600000, 0x0000000708600000| Untracked 
| 121|0x0000000708700000, 0x0000000708700000, 0x0000000708800000|  0%| F|  |TAMS 0x0000000708700000, 0x0000000708700000| Untracked 
| 122|0x0000000708800000, 0x0000000708800000, 0x0000000708900000|  0%| F|  |TAMS 0x0000000708800000, 0x0000000708800000| Untracked 
| 123|0x0000000708900000, 0x0000000708900000, 0x0000000708a00000|  0%| F|  |TAMS 0x0000000708900000, 0x0000000708900000| Untracked 
| 124|0x0000000708a00000, 0x0000000708a00000, 0x0000000708b00000|  0%| F|  |TAMS 0x0000000708a00000, 0x0000000708a00000| Untracked 
| 125|0x0000000708b00000, 0x0000000708b00000, 0x0000000708c00000|  0%| F|  |TAMS 0x0000000708b00000, 0x0000000708b00000| Untracked 
| 126|0x0000000708c00000, 0x0000000708c00000, 0x0000000708d00000|  0%| F|  |TAMS 0x0000000708c00000, 0x0000000708c00000| Untracked 
| 127|0x0000000708d00000, 0x0000000708d00000, 0x0000000708e00000|  0%| F|  |TAMS 0x0000000708d00000, 0x0000000708d00000| Untracked 
| 128|0x0000000708e00000, 0x0000000708e00000, 0x0000000708f00000|  0%| F|  |TAMS 0x0000000708e00000, 0x0000000708e00000| Untracked 
| 129|0x0000000708f00000, 0x0000000708f00000, 0x0000000709000000|  0%| F|  |TAMS 0x0000000708f00000, 0x0000000708f00000| Untracked 
| 130|0x0000000709000000, 0x0000000709000000, 0x0000000709100000|  0%| F|  |TAMS 0x0000000709000000, 0x0000000709000000| Untracked 
| 131|0x0000000709100000, 0x0000000709100000, 0x0000000709200000|  0%| F|  |TAMS 0x0000000709100000, 0x0000000709100000| Untracked 
| 132|0x0000000709200000, 0x0000000709200000, 0x0000000709300000|  0%| F|  |TAMS 0x0000000709200000, 0x0000000709200000| Untracked 
| 133|0x0000000709300000, 0x0000000709300000, 0x0000000709400000|  0%| F|  |TAMS 0x0000000709300000, 0x0000000709300000| Untracked 
| 134|0x0000000709400000, 0x0000000709400000, 0x0000000709500000|  0%| F|  |TAMS 0x0000000709400000, 0x0000000709400000| Untracked 
| 135|0x0000000709500000, 0x0000000709500000, 0x0000000709600000|  0%| F|  |TAMS 0x0000000709500000, 0x0000000709500000| Untracked 
| 136|0x0000000709600000, 0x0000000709600000, 0x0000000709700000|  0%| F|  |TAMS 0x0000000709600000, 0x0000000709600000| Untracked 
| 137|0x0000000709700000, 0x0000000709700000, 0x0000000709800000|  0%| F|  |TAMS 0x0000000709700000, 0x0000000709700000| Untracked 
| 138|0x0000000709800000, 0x0000000709800000, 0x0000000709900000|  0%| F|  |TAMS 0x0000000709800000, 0x0000000709800000| Untracked 
| 139|0x0000000709900000, 0x0000000709900000, 0x0000000709a00000|  0%| F|  |TAMS 0x0000000709900000, 0x0000000709900000| Untracked 
| 140|0x0000000709a00000, 0x0000000709a00000, 0x0000000709b00000|  0%| F|  |TAMS 0x0000000709a00000, 0x0000000709a00000| Untracked 
| 141|0x0000000709b00000, 0x0000000709b00000, 0x0000000709c00000|  0%| F|  |TAMS 0x0000000709b00000, 0x0000000709b00000| Untracked 
| 142|0x0000000709c00000, 0x0000000709c00000, 0x0000000709d00000|  0%| F|  |TAMS 0x0000000709c00000, 0x0000000709c00000| Untracked 
| 143|0x0000000709d00000, 0x0000000709d00000, 0x0000000709e00000|  0%| F|  |TAMS 0x0000000709d00000, 0x0000000709d00000| Untracked 
| 144|0x0000000709e00000, 0x0000000709e00000, 0x0000000709f00000|  0%| F|  |TAMS 0x0000000709e00000, 0x0000000709e00000| Untracked 
| 145|0x0000000709f00000, 0x0000000709f00000, 0x000000070a000000|  0%| F|  |TAMS 0x0000000709f00000, 0x0000000709f00000| Untracked 
| 146|0x000000070a000000, 0x000000070a000000, 0x000000070a100000|  0%| F|  |TAMS 0x000000070a000000, 0x000000070a000000| Untracked 
| 147|0x000000070a100000, 0x000000070a100000, 0x000000070a200000|  0%| F|  |TAMS 0x000000070a100000, 0x000000070a100000| Untracked 
| 148|0x000000070a200000, 0x000000070a200000, 0x000000070a300000|  0%| F|  |TAMS 0x000000070a200000, 0x000000070a200000| Untracked 
| 149|0x000000070a300000, 0x000000070a300000, 0x000000070a400000|  0%| F|  |TAMS 0x000000070a300000, 0x000000070a300000| Untracked 
| 150|0x000000070a400000, 0x000000070a400000, 0x000000070a500000|  0%| F|  |TAMS 0x000000070a400000, 0x000000070a400000| Untracked 
| 151|0x000000070a500000, 0x000000070a500000, 0x000000070a600000|  0%| F|  |TAMS 0x000000070a500000, 0x000000070a500000| Untracked 
| 152|0x000000070a600000, 0x000000070a600000, 0x000000070a700000|  0%| F|  |TAMS 0x000000070a600000, 0x000000070a600000| Untracked 
| 153|0x000000070a700000, 0x000000070a700000, 0x000000070a800000|  0%| F|  |TAMS 0x000000070a700000, 0x000000070a700000| Untracked 
| 154|0x000000070a800000, 0x000000070a800000, 0x000000070a900000|  0%| F|  |TAMS 0x000000070a800000, 0x000000070a800000| Untracked 
| 155|0x000000070a900000, 0x000000070a900000, 0x000000070aa00000|  0%| F|  |TAMS 0x000000070a900000, 0x000000070a900000| Untracked 
| 156|0x000000070aa00000, 0x000000070aa00000, 0x000000070ab00000|  0%| F|  |TAMS 0x000000070aa00000, 0x000000070aa00000| Untracked 
| 157|0x000000070ab00000, 0x000000070ab00000, 0x000000070ac00000|  0%| F|  |TAMS 0x000000070ab00000, 0x000000070ab00000| Untracked 
| 158|0x000000070ac00000, 0x000000070ac00000, 0x000000070ad00000|  0%| F|  |TAMS 0x000000070ac00000, 0x000000070ac00000| Untracked 
| 159|0x000000070ad00000, 0x000000070ad00000, 0x000000070ae00000|  0%| F|  |TAMS 0x000000070ad00000, 0x000000070ad00000| Untracked 
| 160|0x000000070ae00000, 0x000000070ae00000, 0x000000070af00000|  0%| F|  |TAMS 0x000000070ae00000, 0x000000070ae00000| Untracked 
| 161|0x000000070af00000, 0x000000070af00000, 0x000000070b000000|  0%| F|  |TAMS 0x000000070af00000, 0x000000070af00000| Untracked 
| 162|0x000000070b000000, 0x000000070b000000, 0x000000070b100000|  0%| F|  |TAMS 0x000000070b000000, 0x000000070b000000| Untracked 
| 163|0x000000070b100000, 0x000000070b100000, 0x000000070b200000|  0%| F|  |TAMS 0x000000070b100000, 0x000000070b100000| Untracked 
| 164|0x000000070b200000, 0x000000070b200000, 0x000000070b300000|  0%| F|  |TAMS 0x000000070b200000, 0x000000070b200000| Untracked 
| 165|0x000000070b300000, 0x000000070b300000, 0x000000070b400000|  0%| F|  |TAMS 0x000000070b300000, 0x000000070b300000| Untracked 
| 166|0x000000070b400000, 0x000000070b400000, 0x000000070b500000|  0%| F|  |TAMS 0x000000070b400000, 0x000000070b400000| Untracked 
| 167|0x000000070b500000, 0x000000070b500000, 0x000000070b600000|  0%| F|  |TAMS 0x000000070b500000, 0x000000070b500000| Untracked 
| 168|0x000000070b600000, 0x000000070b600000, 0x000000070b700000|  0%| F|  |TAMS 0x000000070b600000, 0x000000070b600000| Untracked 
| 169|0x000000070b700000, 0x000000070b700000, 0x000000070b800000|  0%| F|  |TAMS 0x000000070b700000, 0x000000070b700000| Untracked 
| 170|0x000000070b800000, 0x000000070b800000, 0x000000070b900000|  0%| F|  |TAMS 0x000000070b800000, 0x000000070b800000| Untracked 
| 171|0x000000070b900000, 0x000000070b900000, 0x000000070ba00000|  0%| F|  |TAMS 0x000000070b900000, 0x000000070b900000| Untracked 
| 172|0x000000070ba00000, 0x000000070ba00000, 0x000000070bb00000|  0%| F|  |TAMS 0x000000070ba00000, 0x000000070ba00000| Untracked 
| 173|0x000000070bb00000, 0x000000070bb00000, 0x000000070bc00000|  0%| F|  |TAMS 0x000000070bb00000, 0x000000070bb00000| Untracked 
| 174|0x000000070bc00000, 0x000000070bc00000, 0x000000070bd00000|  0%| F|  |TAMS 0x000000070bc00000, 0x000000070bc00000| Untracked 
| 175|0x000000070bd00000, 0x000000070bd00000, 0x000000070be00000|  0%| F|  |TAMS 0x000000070bd00000, 0x000000070bd00000| Untracked 
| 176|0x000000070be00000, 0x000000070be00000, 0x000000070bf00000|  0%| F|  |TAMS 0x000000070be00000, 0x000000070be00000| Untracked 
| 177|0x000000070bf00000, 0x000000070bf00000, 0x000000070c000000|  0%| F|  |TAMS 0x000000070bf00000, 0x000000070bf00000| Untracked 
| 178|0x000000070c000000, 0x000000070c000000, 0x000000070c100000|  0%| F|  |TAMS 0x000000070c000000, 0x000000070c000000| Untracked 
| 179|0x000000070c100000, 0x000000070c100000, 0x000000070c200000|  0%| F|  |TAMS 0x000000070c100000, 0x000000070c100000| Untracked 
| 180|0x000000070c200000, 0x000000070c200000, 0x000000070c300000|  0%| F|  |TAMS 0x000000070c200000, 0x000000070c200000| Untracked 
| 181|0x000000070c300000, 0x000000070c300000, 0x000000070c400000|  0%| F|  |TAMS 0x000000070c300000, 0x000000070c300000| Untracked 
| 182|0x000000070c400000, 0x000000070c400000, 0x000000070c500000|  0%| F|  |TAMS 0x000000070c400000, 0x000000070c400000| Untracked 
| 183|0x000000070c500000, 0x000000070c500000, 0x000000070c600000|  0%| F|  |TAMS 0x000000070c500000, 0x000000070c500000| Untracked 
| 184|0x000000070c600000, 0x000000070c600000, 0x000000070c700000|  0%| F|  |TAMS 0x000000070c600000, 0x000000070c600000| Untracked 
| 185|0x000000070c700000, 0x000000070c700000, 0x000000070c800000|  0%| F|  |TAMS 0x000000070c700000, 0x000000070c700000| Untracked 
| 186|0x000000070c800000, 0x000000070c800000, 0x000000070c900000|  0%| F|  |TAMS 0x000000070c800000, 0x000000070c800000| Untracked 
| 187|0x000000070c900000, 0x000000070c900000, 0x000000070ca00000|  0%| F|  |TAMS 0x000000070c900000, 0x000000070c900000| Untracked 
| 188|0x000000070ca00000, 0x000000070ca00000, 0x000000070cb00000|  0%| F|  |TAMS 0x000000070ca00000, 0x000000070ca00000| Untracked 
| 189|0x000000070cb00000, 0x000000070cb00000, 0x000000070cc00000|  0%| F|  |TAMS 0x000000070cb00000, 0x000000070cb00000| Untracked 
| 190|0x000000070cc00000, 0x000000070cc00000, 0x000000070cd00000|  0%| F|  |TAMS 0x000000070cc00000, 0x000000070cc00000| Untracked 
| 191|0x000000070cd00000, 0x000000070cd00000, 0x000000070ce00000|  0%| F|  |TAMS 0x000000070cd00000, 0x000000070cd00000| Untracked 
| 192|0x000000070ce00000, 0x000000070ce00000, 0x000000070cf00000|  0%| F|  |TAMS 0x000000070ce00000, 0x000000070ce00000| Untracked 
| 193|0x000000070cf00000, 0x000000070cf00000, 0x000000070d000000|  0%| F|  |TAMS 0x000000070cf00000, 0x000000070cf00000| Untracked 
| 194|0x000000070d000000, 0x000000070d000000, 0x000000070d100000|  0%| F|  |TAMS 0x000000070d000000, 0x000000070d000000| Untracked 
| 195|0x000000070d100000, 0x000000070d100000, 0x000000070d200000|  0%| F|  |TAMS 0x000000070d100000, 0x000000070d100000| Untracked 
| 196|0x000000070d200000, 0x000000070d200000, 0x000000070d300000|  0%| F|  |TAMS 0x000000070d200000, 0x000000070d200000| Untracked 
| 197|0x000000070d300000, 0x000000070d300000, 0x000000070d400000|  0%| F|  |TAMS 0x000000070d300000, 0x000000070d300000| Untracked 
| 198|0x000000070d400000, 0x000000070d400000, 0x000000070d500000|  0%| F|  |TAMS 0x000000070d400000, 0x000000070d400000| Untracked 
| 199|0x000000070d500000, 0x000000070d500000, 0x000000070d600000|  0%| F|  |TAMS 0x000000070d500000, 0x000000070d500000| Untracked 
| 200|0x000000070d600000, 0x000000070d600000, 0x000000070d700000|  0%| F|  |TAMS 0x000000070d600000, 0x000000070d600000| Untracked 
| 201|0x000000070d700000, 0x000000070d700000, 0x000000070d800000|  0%| F|  |TAMS 0x000000070d700000, 0x000000070d700000| Untracked 
| 202|0x000000070d800000, 0x000000070d800000, 0x000000070d900000|  0%| F|  |TAMS 0x000000070d800000, 0x000000070d800000| Untracked 
| 203|0x000000070d900000, 0x000000070d900000, 0x000000070da00000|  0%| F|  |TAMS 0x000000070d900000, 0x000000070d900000| Untracked 
| 204|0x000000070da00000, 0x000000070da00000, 0x000000070db00000|  0%| F|  |TAMS 0x000000070da00000, 0x000000070da00000| Untracked 
| 205|0x000000070db00000, 0x000000070db00000, 0x000000070dc00000|  0%| F|  |TAMS 0x000000070db00000, 0x000000070db00000| Untracked 
| 206|0x000000070dc00000, 0x000000070dc00000, 0x000000070dd00000|  0%| F|  |TAMS 0x000000070dc00000, 0x000000070dc00000| Untracked 
| 207|0x000000070dd00000, 0x000000070dd00000, 0x000000070de00000|  0%| F|  |TAMS 0x000000070dd00000, 0x000000070dd00000| Untracked 
| 208|0x000000070de00000, 0x000000070de00000, 0x000000070df00000|  0%| F|  |TAMS 0x000000070de00000, 0x000000070de00000| Untracked 
| 209|0x000000070df00000, 0x000000070df00000, 0x000000070e000000|  0%| F|  |TAMS 0x000000070df00000, 0x000000070df00000| Untracked 
| 210|0x000000070e000000, 0x000000070e000000, 0x000000070e100000|  0%| F|  |TAMS 0x000000070e000000, 0x000000070e000000| Untracked 
| 211|0x000000070e100000, 0x000000070e100000, 0x000000070e200000|  0%| F|  |TAMS 0x000000070e100000, 0x000000070e100000| Untracked 
| 212|0x000000070e200000, 0x000000070e200000, 0x000000070e300000|  0%| F|  |TAMS 0x000000070e200000, 0x000000070e200000| Untracked 
| 213|0x000000070e300000, 0x000000070e300000, 0x000000070e400000|  0%| F|  |TAMS 0x000000070e300000, 0x000000070e300000| Untracked 
| 214|0x000000070e400000, 0x000000070e400000, 0x000000070e500000|  0%| F|  |TAMS 0x000000070e400000, 0x000000070e400000| Untracked 
| 215|0x000000070e500000, 0x000000070e500000, 0x000000070e600000|  0%| F|  |TAMS 0x000000070e500000, 0x000000070e500000| Untracked 
| 216|0x000000070e600000, 0x000000070e600000, 0x000000070e700000|  0%| F|  |TAMS 0x000000070e600000, 0x000000070e600000| Untracked 
| 217|0x000000070e700000, 0x000000070e700000, 0x000000070e800000|  0%| F|  |TAMS 0x000000070e700000, 0x000000070e700000| Untracked 
| 218|0x000000070e800000, 0x000000070e800000, 0x000000070e900000|  0%| F|  |TAMS 0x000000070e800000, 0x000000070e800000| Untracked 
| 219|0x000000070e900000, 0x000000070e900000, 0x000000070ea00000|  0%| F|  |TAMS 0x000000070e900000, 0x000000070e900000| Untracked 
| 220|0x000000070ea00000, 0x000000070ea00000, 0x000000070eb00000|  0%| F|  |TAMS 0x000000070ea00000, 0x000000070ea00000| Untracked 
| 221|0x000000070eb00000, 0x000000070eb00000, 0x000000070ec00000|  0%| F|  |TAMS 0x000000070eb00000, 0x000000070eb00000| Untracked 
| 222|0x000000070ec00000, 0x000000070ec00000, 0x000000070ed00000|  0%| F|  |TAMS 0x000000070ec00000, 0x000000070ec00000| Untracked 
| 223|0x000000070ed00000, 0x000000070ed00000, 0x000000070ee00000|  0%| F|  |TAMS 0x000000070ed00000, 0x000000070ed00000| Untracked 
| 224|0x000000070ee00000, 0x000000070ee00000, 0x000000070ef00000|  0%| F|  |TAMS 0x000000070ee00000, 0x000000070ee00000| Untracked 
| 225|0x000000070ef00000, 0x000000070ef00000, 0x000000070f000000|  0%| F|  |TAMS 0x000000070ef00000, 0x000000070ef00000| Untracked 
| 226|0x000000070f000000, 0x000000070f000000, 0x000000070f100000|  0%| F|  |TAMS 0x000000070f000000, 0x000000070f000000| Untracked 
| 227|0x000000070f100000, 0x000000070f100000, 0x000000070f200000|  0%| F|  |TAMS 0x000000070f100000, 0x000000070f100000| Untracked 
| 228|0x000000070f200000, 0x000000070f200000, 0x000000070f300000|  0%| F|  |TAMS 0x000000070f200000, 0x000000070f200000| Untracked 
| 229|0x000000070f300000, 0x000000070f300000, 0x000000070f400000|  0%| F|  |TAMS 0x000000070f300000, 0x000000070f300000| Untracked 
| 230|0x000000070f400000, 0x000000070f400000, 0x000000070f500000|  0%| F|  |TAMS 0x000000070f400000, 0x000000070f400000| Untracked 
| 231|0x000000070f500000, 0x000000070f500000, 0x000000070f600000|  0%| F|  |TAMS 0x000000070f500000, 0x000000070f500000| Untracked 
| 232|0x000000070f600000, 0x000000070f600000, 0x000000070f700000|  0%| F|  |TAMS 0x000000070f600000, 0x000000070f600000| Untracked 
| 233|0x000000070f700000, 0x000000070f700000, 0x000000070f800000|  0%| F|  |TAMS 0x000000070f700000, 0x000000070f700000| Untracked 
| 234|0x000000070f800000, 0x000000070f800000, 0x000000070f900000|  0%| F|  |TAMS 0x000000070f800000, 0x000000070f800000| Untracked 
| 235|0x000000070f900000, 0x000000070f900000, 0x000000070fa00000|  0%| F|  |TAMS 0x000000070f900000, 0x000000070f900000| Untracked 
| 236|0x000000070fa00000, 0x000000070fa00000, 0x000000070fb00000|  0%| F|  |TAMS 0x000000070fa00000, 0x000000070fa00000| Untracked 
| 237|0x000000070fb00000, 0x000000070fb00000, 0x000000070fc00000|  0%| F|  |TAMS 0x000000070fb00000, 0x000000070fb00000| Untracked 
| 238|0x000000070fc00000, 0x000000070fceced8, 0x000000070fd00000| 92%| E|  |TAMS 0x000000070fc00000, 0x000000070fc00000| Complete 
| 239|0x000000070fd00000, 0x000000070fe00000, 0x000000070fe00000|100%| E|CS|TAMS 0x000000070fd00000, 0x000000070fd00000| Complete 
| 240|0x000000070fe00000, 0x000000070ff00000, 0x000000070ff00000|100%| E|  |TAMS 0x000000070fe00000, 0x000000070fe00000| Complete 
| 241|0x000000070ff00000, 0x0000000710000000, 0x0000000710000000|100%| E|CS|TAMS 0x000000070ff00000, 0x000000070ff00000| Complete 
| 242|0x0000000710000000, 0x0000000710100000, 0x0000000710100000|100%| E|CS|TAMS 0x0000000710000000, 0x0000000710000000| Complete 
| 243|0x0000000710100000, 0x0000000710200000, 0x0000000710200000|100%| E|CS|TAMS 0x0000000710100000, 0x0000000710100000| Complete 
| 244|0x0000000710200000, 0x0000000710300000, 0x0000000710300000|100%| E|CS|TAMS 0x0000000710200000, 0x0000000710200000| Complete 
| 245|0x0000000710300000, 0x0000000710400000, 0x0000000710400000|100%| E|CS|TAMS 0x0000000710300000, 0x0000000710300000| Complete 
| 246|0x0000000710400000, 0x0000000710500000, 0x0000000710500000|100%| E|CS|TAMS 0x0000000710400000, 0x0000000710400000| Complete 
| 247|0x0000000710500000, 0x0000000710600000, 0x0000000710600000|100%| E|CS|TAMS 0x0000000710500000, 0x0000000710500000| Complete 
| 248|0x0000000710600000, 0x0000000710700000, 0x0000000710700000|100%| E|CS|TAMS 0x0000000710600000, 0x0000000710600000| Complete 
| 249|0x0000000710700000, 0x0000000710800000, 0x0000000710800000|100%| E|CS|TAMS 0x0000000710700000, 0x0000000710700000| Complete 
| 250|0x0000000710800000, 0x0000000710900000, 0x0000000710900000|100%| E|CS|TAMS 0x0000000710800000, 0x0000000710800000| Complete 
| 251|0x0000000710900000, 0x0000000710a00000, 0x0000000710a00000|100%| E|CS|TAMS 0x0000000710900000, 0x0000000710900000| Complete 
| 252|0x0000000710a00000, 0x0000000710b00000, 0x0000000710b00000|100%| E|CS|TAMS 0x0000000710a00000, 0x0000000710a00000| Complete 
| 253|0x0000000710b00000, 0x0000000710c00000, 0x0000000710c00000|100%| E|CS|TAMS 0x0000000710b00000, 0x0000000710b00000| Complete 
| 254|0x0000000710c00000, 0x0000000710d00000, 0x0000000710d00000|100%| E|CS|TAMS 0x0000000710c00000, 0x0000000710c00000| Complete 
| 255|0x0000000710d00000, 0x0000000710e00000, 0x0000000710e00000|100%| E|CS|TAMS 0x0000000710d00000, 0x0000000710d00000| Complete 

Card table byte_map: [0x000001bc13730000,0x000001bc13f30000] _byte_map_base: 0x000001bc0ff29000

Marking Bits (Prev, Next): (CMBitMap*) 0x000001bc7fd57058, (CMBitMap*) 0x000001bc7fd57098
 Prev Bits: [0x000001bc14730000, 0x000001bc186f8000)
 Next Bits: [0x000001bc18700000, 0x000001bc1c6c8000)

Polling page: 0x000001bc7dc50000

Metaspace:

Usage:
  Non-class:     14.93 MB capacity,    14.78 MB ( 99%) used,   125.70 KB ( <1%) free+waste,    28.94 KB ( <1%) overhead. 
      Class:      1.83 MB capacity,     1.73 MB ( 95%) used,    87.02 KB (  5%) free+waste,    15.25 KB ( <1%) overhead. 
       Both:     16.76 MB capacity,    16.51 MB ( 99%) used,   212.72 KB (  1%) free+waste,    44.19 KB ( <1%) overhead. 

Virtual space:
  Non-class space:       16.00 MB reserved,      15.00 MB ( 94%) committed 
      Class space:        1.00 GB reserved,       1.88 MB ( <1%) committed 
             Both:        1.02 GB reserved,      16.88 MB (  2%) committed 

Chunk freelists:
   Non-Class:  4.00 KB
       Class:  15.00 KB
        Both:  19.00 KB

MaxMetaspaceSize: 17179869184.00 GB
CompressedClassSpaceSize: 1.00 GB

CodeHeap 'non-profiled nmethods': size=120000Kb used=418Kb max_used=418Kb free=119581Kb
 bounds [0x000001bc0b6c0000, 0x000001bc0b930000, 0x000001bc12bf0000]
CodeHeap 'profiled nmethods': size=120000Kb used=2277Kb max_used=2277Kb free=117722Kb
 bounds [0x000001bc04190000, 0x000001bc04400000, 0x000001bc0b6c0000]
CodeHeap 'non-nmethods': size=5760Kb used=1298Kb max_used=1325Kb free=4461Kb
 bounds [0x000001bc03bf0000, 0x000001bc03e60000, 0x000001bc04190000]
 total_blobs=1867 nmethods=1273 adapters=507
 compilation: enabled
              stopped_count=0, restarted_count=0
 full_count=0

Compilation events (20 events):
Event: 2.664 Thread 0x000001bc1fdc6000 1227       3       java.awt.image.RGBImageFilter::setPixels (119 bytes)
Event: 2.665 Thread 0x000001bc1fdc6000 nmethod 1227 0x000001bc043b8310 code [0x000001bc043b8500, 0x000001bc043b8c08]
Event: 2.665 Thread 0x000001bc1fdc6000 1228       3       java.awt.image.RGBImageFilter::filterRGBPixels (93 bytes)
Event: 2.665 Thread 0x000001bc1fdc4000 nmethod 1223 0x000001bc0b723f90 code [0x000001bc0b7241a0, 0x000001bc0b7243f8]
Event: 2.665 Thread 0x000001bc1fdc4000 1224       4       java.awt.image.DirectColorModel::getRed (45 bytes)
Event: 2.665 Thread 0x000001bc1fdc6000 nmethod 1228 0x000001bc043b8f10 code [0x000001bc043b9100, 0x000001bc043b9868]
Event: 2.666 Thread 0x000001bc1fdc4000 nmethod 1224 0x000001bc0b724590 code [0x000001bc0b7247a0, 0x000001bc0b724a38]
Event: 2.666 Thread 0x000001bc1fdc4000 1226       4       javax.swing.plaf.metal.MetalUtils$OceanDisabledButtonImageFilter::filterRGB (79 bytes)
Event: 2.667 Thread 0x000001bc1fdc4000 nmethod 1226 0x000001bc0b724c10 code [0x000001bc0b724dc0, 0x000001bc0b724ed8]
Event: 2.667 Thread 0x000001bc1fdc4000 1225       4       java.awt.image.DirectColorModel::getGreen (45 bytes)
Event: 2.667 Thread 0x000001bc1fdc6000 1229       1       sun.java2d.SunGraphics2D::getSurfaceData (5 bytes)
Event: 2.667 Thread 0x000001bc1fdc6000 nmethod 1229 0x000001bc0b724f90 code [0x000001bc0b725120, 0x000001bc0b7251d8]
Event: 2.668 Thread 0x000001bc1fdc4000 nmethod 1225 0x000001bc0b725290 code [0x000001bc0b7254a0, 0x000001bc0b725738]
Event: 2.668 Thread 0x000001bc1fdc4000 1222       4       java.awt.image.DirectColorModel::getBlue (45 bytes)
Event: 2.669 Thread 0x000001bc1fdc4000 nmethod 1222 0x000001bc0b725910 code [0x000001bc0b725b20, 0x000001bc0b725db8]
Event: 2.672 Thread 0x000001bc1fdc4000 1230 %     4       java.awt.image.RGBImageFilter::setPixels @ 58 (119 bytes)
Event: 2.673 Thread 0x000001bc1fdc6000 1232       1       java.awt.image.Raster::getSampleModel (5 bytes)
Event: 2.673 Thread 0x000001bc1fdc6000 nmethod 1232 0x000001bc0b725f90 code [0x000001bc0b726120, 0x000001bc0b7261d8]
Event: 2.680 Thread 0x000001bc1fdc6000 1234       3       java.util.Calendar::complete (40 bytes)
Event: 2.680 Thread 0x000001bc1fdc6000 nmethod 1234 0x000001bc043b9b10 code [0x000001bc043b9ce0, 0x000001bc043ba098]

GC Heap History (0 events):
No events

Deoptimization events (20 events):
Event: 2.591 Thread 0x000001bc20535800 DEOPT PACKING pc=0x000001bc04389ae6 sp=0x0000004d3a3ff010
Event: 2.591 Thread 0x000001bc20535800 DEOPT UNPACKING pc=0x000001bc03c3964e sp=0x0000004d3a3fe520 mode 0
Event: 2.591 Thread 0x000001bc20535800 DEOPT PACKING pc=0x000001bc04389ae6 sp=0x0000004d3a3ff010
Event: 2.591 Thread 0x000001bc20535800 DEOPT UNPACKING pc=0x000001bc03c3964e sp=0x0000004d3a3fe520 mode 0
Event: 2.596 Thread 0x000001bc20535800 DEOPT PACKING pc=0x000001bc0438afbc sp=0x0000004d3a3ff040
Event: 2.596 Thread 0x000001bc20535800 DEOPT UNPACKING pc=0x000001bc03c3964e sp=0x0000004d3a3fe520 mode 0
Event: 2.596 Thread 0x000001bc20535800 DEOPT PACKING pc=0x000001bc04389ae6 sp=0x0000004d3a3ff010
Event: 2.597 Thread 0x000001bc20535800 DEOPT UNPACKING pc=0x000001bc03c3964e sp=0x0000004d3a3fe520 mode 0
Event: 2.597 Thread 0x000001bc20535800 DEOPT PACKING pc=0x000001bc04389ae6 sp=0x0000004d3a3ff010
Event: 2.597 Thread 0x000001bc20535800 DEOPT UNPACKING pc=0x000001bc03c3964e sp=0x0000004d3a3fe520 mode 0
Event: 2.602 Thread 0x000001bc20535800 DEOPT PACKING pc=0x000001bc0438afbc sp=0x0000004d3a3ff040
Event: 2.602 Thread 0x000001bc20535800 DEOPT UNPACKING pc=0x000001bc03c3964e sp=0x0000004d3a3fe520 mode 0
Event: 2.602 Thread 0x000001bc20535800 Uncommon trap: trap_request=0xffffffe4 fr.pc=0x000001bc0b7197e0 relative=0x0000000000001920
Event: 2.602 Thread 0x000001bc20535800 Uncommon trap: reason=range_check action=make_not_entrant pc=0x000001bc0b7197e0 method=java.awt.image.DirectColorModel.setFields()V @ 6 c2
Event: 2.602 Thread 0x000001bc20535800 DEOPT PACKING pc=0x000001bc0b7197e0 sp=0x0000004d3a3ff060
Event: 2.602 Thread 0x000001bc20535800 DEOPT UNPACKING pc=0x000001bc03c3912f sp=0x0000004d3a3feea8 mode 2
Event: 2.639 Thread 0x000001bc20406000 Uncommon trap: trap_request=0xffffff45 fr.pc=0x000001bc0b70331c relative=0x000000000000007c
Event: 2.639 Thread 0x000001bc20406000 Uncommon trap: reason=unstable_if action=reinterpret pc=0x000001bc0b70331c method=java.awt.Component.inside(II)Z @ 21 c2
Event: 2.639 Thread 0x000001bc20406000 DEOPT PACKING pc=0x000001bc0b70331c sp=0x0000004d3a0fdd10
Event: 2.639 Thread 0x000001bc20406000 DEOPT UNPACKING pc=0x000001bc03c3912f sp=0x0000004d3a0fdba8 mode 2

Classes unloaded (0 events):
No events

Classes redefined (0 events):
No events

Internal exceptions (12 events):
Event: 0.156 Thread 0x000001bc7fced000 Exception <a 'java/lang/ClassNotFoundException'{0x0000000710cd4358}: sun/awt/resources/spi/awtProvider> (0x0000000710cd4358) 
thrown [./open/src/hotspot/share/classfile/systemDictionary.cpp, line 226]
Event: 0.182 Thread 0x000001bc7fced000 Exception <a 'java/io/FileNotFoundException'{0x0000000710b29450}> (0x0000000710b29450) 
thrown [./open/src/hotspot/share/prims/jni.cpp, line 599]
Event: 0.188 Thread 0x000001bc7fced000 Exception <a 'java/io/FileNotFoundException'{0x0000000710b4f7d0}> (0x0000000710b4f7d0) 
thrown [./open/src/hotspot/share/prims/jni.cpp, line 599]
Event: 0.230 Thread 0x000001bc203ba000 Exception <a 'java/lang/NoSuchMethodError'{0x0000000710bf0f80}: 'void java.lang.invoke.DirectMethodHandle$Holder.invokeSpecial(java.lang.Object, java.lang.Object)'> (0x0000000710bf0f80) 
thrown [./open/src/hotspot/share/interpreter/linkResolver.cpp, line 766]
Event: 0.317 Thread 0x000001bc20406000 Exception <a 'java/lang/NoSuchMethodError'{0x0000000710aee950}: 'java.lang.Object java.lang.invoke.DirectMethodHandle$Holder.invokeStatic(java.lang.Object, int, java.lang.Object, java.lang.Object, java.lang.Object, java.lang.Object)'> (0x0000000710aee950) 
thrown [./open/src/hotspot/share/interpreter/linkResolver.cpp, line 766]
Event: 0.318 Thread 0x000001bc20406000 Exception <a 'java/lang/NoSuchMethodError'{0x0000000710af5270}: 'java.lang.Object java.lang.invoke.DirectMethodHandle$Holder.invokeStatic(java.lang.Object, int, java.lang.Object, java.lang.Object, java.lang.Object)'> (0x0000000710af5270) 
thrown [./open/src/hotspot/share/interpreter/linkResolver.cpp, line 766]
Event: 0.318 Thread 0x000001bc20406000 Exception <a 'java/lang/NoSuchMethodError'{0x0000000710af8ac0}: 'java.lang.Object java.lang.invoke.DirectMethodHandle$Holder.invokeSpecial(java.lang.Object, java.lang.Object, int, java.lang.Object, java.lang.Object, java.lang.Object)'> (0x0000000710af8ac0) 
thrown [./open/src/hotspot/share/interpreter/linkResolver.cpp, line 766]
Event: 0.320 Thread 0x000001bc20406000 Exception <a 'java/lang/NoSuchMethodError'{0x000000071090f2e8}: 'java.lang.Object java.lang.invoke.DirectMethodHandle$Holder.invokeStatic(java.lang.Object, int, java.lang.Object)'> (0x000000071090f2e8) 
thrown [./open/src/hotspot/share/interpreter/linkResolver.cpp, line 766]
Event: 0.335 Thread 0x000001bc20406000 Exception <a 'java/lang/ClassNotFoundException'{0x00000007109b2a80}: com/sun/swing/internal/plaf/metal/resources/spi/metalProvider> (0x00000007109b2a80) 
thrown [./open/src/hotspot/share/classfile/systemDictionary.cpp, line 226]
Event: 0.336 Thread 0x000001bc20406000 Exception <a 'java/lang/ClassNotFoundException'{0x00000007109b6ca8}: com/sun/swing/internal/plaf/basic/resources/spi/basicProvider> (0x00000007109b6ca8) 
thrown [./open/src/hotspot/share/classfile/systemDictionary.cpp, line 226]
Event: 0.478 Thread 0x000001bc20406000 Exception <a 'java/lang/NoSuchMethodError'{0x000000071050e368}: 'void java.lang.invoke.DirectMethodHandle$Holder.invokeStaticInit(java.lang.Object)'> (0x000000071050e368) 
thrown [./open/src/hotspot/share/interpreter/linkResolver.cpp, line 766]
Event: 0.503 Thread 0x000001bc20406000 Exception <a 'java/lang/NoSuchMethodError'{0x0000000710568b30}: 'java.lang.Object java.lang.invoke.Invokers$Holder.linkToTargetMethod(java.lang.Object, int, java.lang.Object)'> (0x0000000710568b30) 
thrown [./open/src/hotspot/share/interpreter/linkResolver.cpp, line 766]

Events (20 events):
Event: 2.674 Executing VM operation: HandshakeOneThread
Event: 2.674 Executing VM operation: HandshakeOneThread done
Event: 2.678 Executing VM operation: HandshakeOneThread
Event: 2.679 Executing VM operation: HandshakeOneThread done
Event: 2.679 Executing VM operation: HandshakeOneThread
Event: 2.679 Executing VM operation: HandshakeOneThread done
Event: 2.679 Executing VM operation: HandshakeOneThread
Event: 2.679 Executing VM operation: HandshakeOneThread done
Event: 2.680 Executing VM operation: HandshakeOneThread
Event: 2.680 Executing VM operation: HandshakeOneThread done
Event: 2.685 Executing VM operation: HandshakeOneThread
Event: 2.685 Executing VM operation: HandshakeOneThread done
Event: 2.685 Executing VM operation: HandshakeOneThread
Event: 2.685 Executing VM operation: HandshakeOneThread done
Event: 2.685 Executing VM operation: HandshakeOneThread
Event: 2.685 Executing VM operation: HandshakeOneThread done
Event: 2.685 loading class java/util/concurrent/ConcurrentHashMap$KeySetView
Event: 2.686 loading class java/util/concurrent/ConcurrentHashMap$KeySetView done
Event: 2.686 loading class java/util/concurrent/ConcurrentHashMap$KeyIterator
Event: 2.686 loading class java/util/concurrent/ConcurrentHashMap$KeyIterator done


Dynamic libraries:
0x00007ff615930000 - 0x00007ff61593d000 	C:\Users\unais\.p2\pool\plugins\org.eclipse.justj.openjdk.hotspot.jre.full.win32.x86_64_14.0.2.v20200815-0932\jre\bin\javaw.exe
0x00007ffffe1c0000 - 0x00007ffffe3b0000 	C:\Windows\SYSTEM32\ntdll.dll
0x00007ffffd890000 - 0x00007ffffd942000 	C:\Windows\System32\KERNEL32.DLL
0x00007ffffbec0000 - 0x00007ffffc165000 	C:\Windows\System32\KERNELBASE.dll
0x00007ffffba80000 - 0x00007ffffbb7a000 	C:\Windows\System32\ucrtbase.dll
0x00007ffff0e10000 - 0x00007ffff0e28000 	C:\Users\unais\.p2\pool\plugins\org.eclipse.justj.openjdk.hotspot.jre.full.win32.x86_64_14.0.2.v20200815-0932\jre\bin\jli.dll
0x00007ffff0e30000 - 0x00007ffff0e45000 	C:\Users\unais\.p2\pool\plugins\org.eclipse.justj.openjdk.hotspot.jre.full.win32.x86_64_14.0.2.v20200815-0932\jre\bin\VCRUNTIME140.dll
0x00007ffffc900000 - 0x00007ffffca94000 	C:\Windows\System32\USER32.dll
0x00007ffffb1c0000 - 0x00007ffffb1e1000 	C:\Windows\System32\win32u.dll
0x00007fffdb850000 - 0x00007fffdbad4000 	C:\Windows\WinSxS\amd64_microsoft.windows.common-controls_6595b64144ccf1df_6.0.18362.1198_none_9e820b57e45ad92f\COMCTL32.dll
0x00007ffffe150000 - 0x00007ffffe176000 	C:\Windows\System32\GDI32.dll
0x00007ffffce50000 - 0x00007ffffceee000 	C:\Windows\System32\msvcrt.dll
0x00007ffffbd20000 - 0x00007ffffbeb6000 	C:\Windows\System32\gdi32full.dll
0x00007ffffb9e0000 - 0x00007ffffba7e000 	C:\Windows\System32\msvcp_win.dll
0x00007ffffddf0000 - 0x00007ffffe125000 	C:\Windows\System32\combase.dll
0x00007ffffdae0000 - 0x00007ffffdc00000 	C:\Windows\System32\RPCRT4.dll
0x00007ffffb140000 - 0x00007ffffb1c0000 	C:\Windows\System32\bcryptPrimitives.dll
0x00007ffffd860000 - 0x00007ffffd88e000 	C:\Windows\System32\IMM32.DLL
0x00007fffe6bc0000 - 0x00007fffe6c5b000 	C:\Users\unais\.p2\pool\plugins\org.eclipse.justj.openjdk.hotspot.jre.full.win32.x86_64_14.0.2.v20200815-0932\jre\bin\msvcp140.dll
0x00007fffcab40000 - 0x00007fffcb65e000 	C:\Users\unais\.p2\pool\plugins\org.eclipse.justj.openjdk.hotspot.jre.full.win32.x86_64_14.0.2.v20200815-0932\jre\bin\server\jvm.dll
0x00007ffffdc00000 - 0x00007ffffdca3000 	C:\Windows\System32\ADVAPI32.dll
0x00007ffffd950000 - 0x00007ffffd9e7000 	C:\Windows\System32\sechost.dll
0x00007ffffd7f0000 - 0x00007ffffd7f8000 	C:\Windows\System32\PSAPI.DLL
0x00007ffff3de0000 - 0x00007ffff3dea000 	C:\Windows\SYSTEM32\VERSION.dll
0x00007fffe4210000 - 0x00007fffe4219000 	C:\Windows\SYSTEM32\WSOCK32.dll
0x00007ffff8fa0000 - 0x00007ffff8fc4000 	C:\Windows\SYSTEM32\WINMM.dll
0x00007ffffcef0000 - 0x00007ffffcf5f000 	C:\Windows\System32\WS2_32.dll
0x00007ffff8e90000 - 0x00007ffff8ebd000 	C:\Windows\SYSTEM32\winmmbase.dll
0x00007ffffc170000 - 0x00007ffffc1ba000 	C:\Windows\System32\cfgmgr32.dll
0x00007ffffb0f0000 - 0x00007ffffb101000 	C:\Windows\System32\kernel.appcore.dll
0x00007ffff9120000 - 0x00007ffff912a000 	C:\Users\unais\.p2\pool\plugins\org.eclipse.justj.openjdk.hotspot.jre.full.win32.x86_64_14.0.2.v20200815-0932\jre\bin\jimage.dll
0x00007fffec340000 - 0x00007fffec534000 	C:\Windows\SYSTEM32\DBGHELP.DLL
0x00007fffec5f0000 - 0x00007fffec61a000 	C:\Windows\SYSTEM32\dbgcore.DLL
0x00007ffff1050000 - 0x00007ffff1075000 	C:\Users\unais\.p2\pool\plugins\org.eclipse.justj.openjdk.hotspot.jre.full.win32.x86_64_14.0.2.v20200815-0932\jre\bin\java.dll
0x00007ffff8a60000 - 0x00007ffff8a76000 	C:\Users\unais\.p2\pool\plugins\org.eclipse.justj.openjdk.hotspot.jre.full.win32.x86_64_14.0.2.v20200815-0932\jre\bin\zip.dll
0x00007ffffd030000 - 0x00007ffffd717000 	C:\Windows\System32\SHELL32.dll
0x00007ffffccf0000 - 0x00007ffffcd99000 	C:\Windows\System32\shcore.dll
0x00007ffffb1f0000 - 0x00007ffffb971000 	C:\Windows\System32\windows.storage.dll
0x00007ffffb110000 - 0x00007ffffb133000 	C:\Windows\System32\profapi.dll
0x00007ffffb0a0000 - 0x00007ffffb0ea000 	C:\Windows\System32\powrprof.dll
0x00007ffffb070000 - 0x00007ffffb080000 	C:\Windows\System32\UMPDC.dll
0x00007ffffc8a0000 - 0x00007ffffc8f2000 	C:\Windows\System32\shlwapi.dll
0x00007ffffbd00000 - 0x00007ffffbd17000 	C:\Windows\System32\cryptsp.dll
0x00007ffff1030000 - 0x00007ffff1049000 	C:\Users\unais\.p2\pool\plugins\org.eclipse.justj.openjdk.hotspot.jre.full.win32.x86_64_14.0.2.v20200815-0932\jre\bin\net.dll
0x00007ffff54c0000 - 0x00007ffff55b0000 	C:\Windows\SYSTEM32\WINHTTP.dll
0x00007ffffa8c0000 - 0x00007ffffa927000 	C:\Windows\system32\mswsock.dll
0x00007ffff1010000 - 0x00007ffff1022000 	C:\Users\unais\.p2\pool\plugins\org.eclipse.justj.openjdk.hotspot.jre.full.win32.x86_64_14.0.2.v20200815-0932\jre\bin\nio.dll
0x00007fffe65e0000 - 0x00007fffe6778000 	C:\Users\unais\.p2\pool\plugins\org.eclipse.justj.openjdk.hotspot.jre.full.win32.x86_64_14.0.2.v20200815-0932\jre\bin\awt.dll
0x00007ffffd720000 - 0x00007ffffd7e5000 	C:\Windows\System32\OLEAUT32.dll
0x00007ffff91d0000 - 0x00007ffff925f000 	C:\Windows\SYSTEM32\apphelp.dll
0x00007ffff9390000 - 0x00007ffff9429000 	C:\Windows\system32\uxtheme.dll
0x00007ffffdcb0000 - 0x00007ffffdde5000 	C:\Windows\System32\MSCTF.dll
0x00007ffffcaa0000 - 0x00007ffffcbf7000 	C:\Windows\System32\ole32.dll
0x00007ffff97e0000 - 0x00007ffff980d000 	C:\Windows\system32\DWMAPI.DLL
0x00007fffc8cd0000 - 0x00007fffc8e26000 	C:\Windows\system32\opengl32.dll
0x00007fffc8ca0000 - 0x00007fffc8ccc000 	C:\Windows\SYSTEM32\GLU32.dll
0x00007ffff9d20000 - 0x00007ffff9d40000 	C:\Windows\SYSTEM32\dxcore.dll
0x00007fffc7b70000 - 0x00007fffc7d37000 	C:\Windows\system32\d3d9.dll
0x00007ffff37b0000 - 0x00007ffff3987000 	C:\Windows\System32\DriverStore\FileRepository\u0352369.inf_amd64_275818c45a90b362\B352355\aticfx64.dll
0x00007fff9e710000 - 0x00007fff9e741000 	C:\Windows\System32\DriverStore\FileRepository\u0352369.inf_amd64_275818c45a90b362\B352355\atiu9p64.dll
0x00007fff9da80000 - 0x00007fff9e709000 	C:\Windows\System32\DriverStore\FileRepository\u0352369.inf_amd64_275818c45a90b362\B352355\atiumd64.dll
0x0000000052ac0000 - 0x0000000053885000 	C:\Windows\System32\DriverStore\FileRepository\u0352369.inf_amd64_275818c45a90b362\B352355\atiumd6a.dll
0x00007ffff1e50000 - 0x00007ffff1e7e000 	C:\Windows\SYSTEM32\amdihk64.dll
0x00007fffe6b30000 - 0x00007fffe6bb2000 	C:\Users\unais\.p2\pool\plugins\org.eclipse.justj.openjdk.hotspot.jre.full.win32.x86_64_14.0.2.v20200815-0932\jre\bin\freetype.dll
0x00007fffe6a80000 - 0x00007fffe6b26000 	C:\Users\unais\.p2\pool\plugins\org.eclipse.justj.openjdk.hotspot.jre.full.win32.x86_64_14.0.2.v20200815-0932\jre\bin\fontmanager.dll
0x00007ffffcda0000 - 0x00007ffffce42000 	C:\Windows\System32\clbcatq.dll
0x00007ffff50d0000 - 0x00007ffff527f000 	C:\Windows\SYSTEM32\WindowsCodecs.dll
0x00007fffd8d40000 - 0x00007fffd8d7a000 	C:\Windows\system32\dataexchange.dll
0x00007ffff8140000 - 0x00007ffff839b000 	C:\Windows\system32\d3d11.dll
0x00007ffff8800000 - 0x00007ffff89dd000 	C:\Windows\system32\dcomp.dll
0x00007ffff9d40000 - 0x00007ffff9e2b000 	C:\Windows\system32\dxgi.dll
0x00007ffff9480000 - 0x00007ffff96e2000 	C:\Windows\system32\twinapi.appcore.dll
0x00007ffff98f0000 - 0x00007ffff9919000 	C:\Windows\system32\RMCLIENT.dll
0x00007fffdd3c0000 - 0x00007fffdd45e000 	C:\Windows\System32\TextInputFramework.dll
0x00007ffff8ec0000 - 0x00007ffff8f94000 	C:\Windows\System32\CoreMessaging.dll
0x00007ffff5780000 - 0x00007ffff5aaa000 	C:\Windows\System32\CoreUIComponents.dll
0x00007ffffa0b0000 - 0x00007ffffa0e1000 	C:\Windows\SYSTEM32\ntmarta.dll
0x00007ffff7050000 - 0x00007ffff71a3000 	C:\Windows\SYSTEM32\wintypes.dll
0x00007fffee3c0000 - 0x00007fffee667000 	C:\Windows\System32\iertutil.dll

dbghelp: loaded successfully - version: 4.0.5 - missing functions: none
symbol engine: initialized successfully - sym options: 0x614 - pdb path: .;C:\Users\unais\.p2\pool\plugins\org.eclipse.justj.openjdk.hotspot.jre.full.win32.x86_64_14.0.2.v20200815-0932\jre\bin;C:\Windows\SYSTEM32;C:\Windows\WinSxS\amd64_microsoft.windows.common-controls_6595b64144ccf1df_6.0.18362.1198_none_9e820b57e45ad92f;C:\Users\unais\.p2\pool\plugins\org.eclipse.justj.openjdk.hotspot.jre.full.win32.x86_64_14.0.2.v20200815-0932\jre\bin\server;C:\Windows\System32\DriverStore\FileRepository\u0352369.inf_amd64_275818c45a90b362\B352355

VM Arguments:
jvm_args: -Dfile.encoding=Cp1252 -XX:+ShowCodeDetailsInExceptionMessages 
java_command: ProyectoG4.VGeneros
java_class_path (initial): F:\EWorkspace\Grupo4\ProyectoG4\bin\main;F:\EWorkspace\Grupo4\ProyectoG4\bin\default;C:\Users\unais\.gradle\caches\modules-2\files-2.1\org.apache.commons\commons-math3\3.6.1\e4ba98f1d4b3c80ec46392f25e094a6a2e58fcbf\commons-math3-3.6.1.jar;C:\Users\unais\.gradle\caches\modules-2\files-2.1\com.google.guava\guava\28.2-jre\8ec9ed76528425762174f0011ce8f74ad845b756\guava-28.2-jre.jar;C:\Users\unais\.gradle\caches\modules-2\files-2.1\com.google.guava\failureaccess\1.0.1\1dcf1de382a0bf95a3d8b0849546c88bac1292c9\failureaccess-1.0.1.jar;C:\Users\unais\.gradle\caches\modules-2\files-2.1\com.google.guava\listenablefuture\9999.0-empty-to-avoid-conflict-with-guava\b421526c5f297295adef1c886e5246c39d4ac629\listenablefuture-9999.0-empty-to-avoid-conflict-with-guava.jar;C:\Users\unais\.gradle\caches\modules-2\files-2.1\com.google.code.findbugs\jsr305\3.0.2\25ea2e8b0c338a877313bd4672d3fe056ea78f0d\jsr305-3.0.2.jar;C:\Users\unais\.gradle\caches\modules-2\files-2.1\org.checkerframework\checker-qual\2.10.0\5786699a0cb71f9dc32e6cca1d665eef07a0882f\checker-qual-2.10.0.jar;C:\Users\unais\.gradle\caches\modules-2\files-2.1\com.google.errorprone\error_prone_annotations\2.3.4\dac170e4594de319655ffb62f41cbd6dbb5e601e\error_prone_annotations-2.3.4.jar;C:\Users\unais\.gradle\caches\modules-2\files-2.1\com.google.j2objc\j2objc-annotations\1.3\ba035118bc8bac37d7eff77700720999acd9986d\j2objc-annotations-1.3.jar
Launcher Type: SUN_STANDARD

[Global flags]
     intx CICompilerCount                          = 4                                         {product} {ergonomic}
     uint ConcGCThreads                            = 3                                         {product} {ergonomic}
     uint G1ConcRefinementThreads                  = 10                                        {product} {ergonomic}
   size_t G1HeapRegionSize                         = 1048576                                   {product} {ergonomic}
    uintx GCDrainStackTargetSize                   = 64                                        {product} {ergonomic}
   size_t InitialHeapSize                          = 268435456                                 {product} {ergonomic}
   size_t MarkStackSize                            = 4194304                                   {product} {ergonomic}
   size_t MaxHeapSize                              = 4280287232                                {product} {ergonomic}
   size_t MaxNewSize                               = 2567962624                                {product} {ergonomic}
   size_t MinHeapDeltaBytes                        = 1048576                                   {product} {ergonomic}
   size_t MinHeapSize                              = 8388608                                   {product} {ergonomic}
    uintx NonNMethodCodeHeapSize                   = 5839372                                {pd product} {ergonomic}
    uintx NonProfiledCodeHeapSize                  = 122909434                              {pd product} {ergonomic}
    uintx ProfiledCodeHeapSize                     = 122909434                              {pd product} {ergonomic}
    uintx ReservedCodeCacheSize                    = 251658240                              {pd product} {ergonomic}
     bool SegmentedCodeCache                       = true                                      {product} {ergonomic}
     bool ShowCodeDetailsInExceptionMessages       = true                                   {manageable} {command line}
   size_t SoftMaxHeapSize                          = 4280287232                             {manageable} {ergonomic}
     bool UseCompressedClassPointers               = true                                 {lp64_product} {ergonomic}
     bool UseCompressedOops                        = true                                 {lp64_product} {ergonomic}
     bool UseG1GC                                  = true                                      {product} {ergonomic}
     bool UseLargePagesIndividualAllocation        = false                                  {pd product} {ergonomic}

Logging:
Log output configuration:
 #0: stdout all=warning uptime,level,tags
 #1: stderr all=off uptime,level,tags

Environment Variables:
PATH=C:/Users/unais/.p2/pool/plugins/org.eclipse.justj.openjdk.hotspot.jre.full.win32.x86_64_14.0.2.v20200815-0932/jre/bin/server;C:/Users/unais/.p2/pool/plugins/org.eclipse.justj.openjdk.hotspot.jre.full.win32.x86_64_14.0.2.v20200815-0932/jre/bin;C:\Program Files (x86)\Common Files\Oracle\Java\javapath;F:\Programas\ORACLE1\dbhomeXE\bin;F:\Programas\Oracle\dbhomeXE\bin;C:\Windows\system32;C:\Windows;C:\Windows\System32\Wbem;C:\Windows\System32\WindowsPowerShell\v1.0\;C:\Windows\System32\OpenSSH\;F:\Programas\Git\cmd;C:\Users\unais\AppData\Local\Microsoft\WindowsApps;;C:\Users\unais\OneDrive\Escritorio\Apps clase;
USERNAME=unais
OS=Windows_NT
PROCESSOR_IDENTIFIER=AMD64 Family 23 Model 8 Stepping 2, AuthenticAMD



---------------  S Y S T E M  ---------------

OS: Windows 10 , 64 bit Build 18362 (10.0.18362.1110)
OS uptime: 0 days 11:35 hours

CPU:total 12 (initial active 12) (12 cores per cpu, 2 threads per core) family 23 model 8 stepping 2, cmov, cx8, fxsr, mmx, sse, sse2, sse3, ssse3, sse4.1, sse4.2, popcnt, avx, avx2, aes, clmul, mmxext, 3dnowpref, lzcnt, sse4a, ht, tsc, tscinvbit, tscinv, bmi1, bmi2, adx, sha, fma

Memory: 4k page, system-wide physical 16320M (7815M free)
TotalPageFile size 26187M (AvailPageFile size 3M)
current process WorkingSet (physical memory assigned to process): 106M, peak: 106M
current process commit charge ("private bytes"): 391M, peak: 392M

vm_info: OpenJDK 64-Bit Server VM (14.0.2+12-46) for windows-amd64 JRE (14.0.2+12-46), built on Jul  9 2020 00:31:16 by "mach5one" with MS VC++ 15.9 (VS2017)

END.
