#
# There is insufficient memory for the Java Runtime Environment to continue.
# Native memory allocation (mmap) failed to map 268435456 bytes for Failed to commit area from 0x0000000700e00000 to 0x0000000710e00000 of length 268435456.
# Possible reasons:
#   The system is out of physical RAM or swap space
#   The process is running with CompressedOops enabled, and the Java Heap may be blocking the growth of the native heap
# Possible solutions:
#   Reduce memory load on the system
#   Increase physical memory or swap space
#   Check if swap backing store is full
#   Decrease Java heap size (-Xmx/-Xms)
#   Decrease number of Java threads
#   Decrease Java thread stack sizes (-Xss)
#   Set larger code cache with -XX:ReservedCodeCacheSize=
#   JVM is running with Zero Based Compressed Oops mode in which the Java heap is
#     placed in the first 32GB address space. The Java Heap base address is the
#     maximum limit for the native heap growth. Please use -XX:HeapBaseMinAddress
#     to set the Java Heap base and to place the Java Heap above 32GB virtual address.
# This output file may be truncated or incomplete.
#
#  Out of Memory Error (./open/src/hotspot/os/windows/os_windows.cpp:3315), pid=17212, tid=17248
#
# JRE version:  (14.0.2+12) (build )
# Java VM: OpenJDK 64-Bit Server VM (14.0.2+12-46, mixed mode, sharing, tiered, compressed oops, g1 gc, windows-amd64)
# No core dump will be written. Minidumps are not enabled by default on client versions of Windows
#

---------------  S U M M A R Y ------------

Command Line: -Dfile.encoding=Cp1252 -XX:+ShowCodeDetailsInExceptionMessages ProyectoG4.VGeneros

Host: AMD Ryzen 5 1600 Six-Core Processor            , 12 cores, 15G,  Windows 10 , 64 bit Build 18362 (10.0.18362.1110)
Time: Thu Nov 19 21:03:11 2020 Hora estándar romance elapsed time: 0 seconds (0d 0h 0m 0s)

---------------  T H R E A D  ---------------

Current thread (0x00000181e8dd0800):  JavaThread "Unknown thread" [_thread_in_vm, id=17248, stack(0x0000006e79200000,0x0000006e79300000)]

Stack: [0x0000006e79200000,0x0000006e79300000]
Native frames: (J=compiled Java code, j=interpreted, Vv=VM code, C=native code)
V  [jvm.dll+0x5f8a9a]
V  [jvm.dll+0x74247a]
V  [jvm.dll+0x743c2f]
V  [jvm.dll+0x744273]
V  [jvm.dll+0x20d288]
V  [jvm.dll+0x5f5dea]
V  [jvm.dll+0x5eac45]
V  [jvm.dll+0x2c7e9c]
V  [jvm.dll+0x2c7cd2]
V  [jvm.dll+0x2cdbbc]
V  [jvm.dll+0x313fe8]
V  [jvm.dll+0x313710]
V  [jvm.dll+0x2a092a]
V  [jvm.dll+0x2a1a79]
V  [jvm.dll+0x71fd48]
V  [jvm.dll+0x321c14]
V  [jvm.dll+0x70112c]
V  [jvm.dll+0x392def]
V  [jvm.dll+0x394e61]
C  [jli.dll+0x524b]
C  [ucrtbase.dll+0x210b2]
C  [KERNEL32.DLL+0x17c24]
C  [ntdll.dll+0x6d4d1]


---------------  P R O C E S S  ---------------

Threads class SMR info:
_java_thread_list=0x00007ff9d99e3038, length=0, elements={
}

Java Threads: ( => current thread )

Other Threads:
  0x00000181e8e39000 GCTaskThread "GC Thread#0" [stack: 0x0000006e79300000,0x0000006e79400000] [id=17252]
  0x00000181e8e5c000 ConcurrentGCThread "G1 Main Marker" [stack: 0x0000006e79400000,0x0000006e79500000] [id=17256]
  0x00000181e8e5e000 ConcurrentGCThread "G1 Conc#0" [stack: 0x0000006e79500000,0x0000006e79600000] [id=17260]

[error occurred during error reporting (printing all threads), id 0xc0000005, EXCEPTION_ACCESS_VIOLATION (0xc0000005) at pc=0x00007ff9d9211257]

VM state:not at safepoint (not fully initialized)

VM Mutex/Monitor currently owned by a thread:  ([mutex/lock_event])
[0x00000181e8dcc8d0] Heap_lock - owner thread: 0x00000181e8dd0800

Heap address: 0x0000000700e00000, size: 4082 MB, Compressed Oops mode: Zero based, Oop shift amount: 3
Narrow klass base: 0x0000000000000000, Narrow klass shift: 0

GC Heap History (0 events):
No events

Deoptimization events (0 events):
No events

Classes unloaded (0 events):
No events

Classes redefined (0 events):
No events

Internal exceptions (0 events):
No events

Events (2 events):
Event: 0.005 Loaded shared library C:\Users\unais\.p2\pool\plugins\org.eclipse.justj.openjdk.hotspot.jre.full.win32.x86_64_14.0.2.v20200815-0932\jre\bin\java.dll
Event: 0.005 Loaded shared library C:\Users\unais\.p2\pool\plugins\org.eclipse.justj.openjdk.hotspot.jre.full.win32.x86_64_14.0.2.v20200815-0932\jre\bin\zip.dll


Dynamic libraries:
0x00007ff7805d0000 - 0x00007ff7805dd000 	C:\Users\unais\.p2\pool\plugins\org.eclipse.justj.openjdk.hotspot.jre.full.win32.x86_64_14.0.2.v20200815-0932\jre\bin\javaw.exe
0x00007ffa43fe0000 - 0x00007ffa441d0000 	C:\Windows\SYSTEM32\ntdll.dll
0x00007ffa43e30000 - 0x00007ffa43ee2000 	C:\Windows\System32\KERNEL32.DLL
0x00007ffa41a40000 - 0x00007ffa41ce5000 	C:\Windows\System32\KERNELBASE.dll
0x00007ffa41f10000 - 0x00007ffa4200a000 	C:\Windows\System32\ucrtbase.dll
0x00007ffa3d1f0000 - 0x00007ffa3d208000 	C:\Users\unais\.p2\pool\plugins\org.eclipse.justj.openjdk.hotspot.jre.full.win32.x86_64_14.0.2.v20200815-0932\jre\bin\jli.dll
0x00007ffa2bc20000 - 0x00007ffa2bc35000 	C:\Users\unais\.p2\pool\plugins\org.eclipse.justj.openjdk.hotspot.jre.full.win32.x86_64_14.0.2.v20200815-0932\jre\bin\VCRUNTIME140.dll
0x00007ffa43040000 - 0x00007ffa431d4000 	C:\Windows\System32\USER32.dll
0x00007ffa41e40000 - 0x00007ffa41e61000 	C:\Windows\System32\win32u.dll
0x00007ffa21a70000 - 0x00007ffa21cf4000 	C:\Windows\WinSxS\amd64_microsoft.windows.common-controls_6595b64144ccf1df_6.0.18362.1198_none_9e820b57e45ad92f\COMCTL32.dll
0x00007ffa43f70000 - 0x00007ffa43f96000 	C:\Windows\System32\GDI32.dll
0x00007ffa43720000 - 0x00007ffa437be000 	C:\Windows\System32\msvcrt.dll
0x00007ffa41010000 - 0x00007ffa411a6000 	C:\Windows\System32\gdi32full.dll
0x00007ffa437c0000 - 0x00007ffa43af5000 	C:\Windows\System32\combase.dll
0x00007ffa41e70000 - 0x00007ffa41f0e000 	C:\Windows\System32\msvcp_win.dll
0x00007ffa42090000 - 0x00007ffa421b0000 	C:\Windows\System32\RPCRT4.dll
0x00007ffa40f60000 - 0x00007ffa40fe0000 	C:\Windows\System32\bcryptPrimitives.dll
0x00007ffa42280000 - 0x00007ffa422ae000 	C:\Windows\System32\IMM32.DLL
0x00007ffa1bf40000 - 0x00007ffa1bfdb000 	C:\Users\unais\.p2\pool\plugins\org.eclipse.justj.openjdk.hotspot.jre.full.win32.x86_64_14.0.2.v20200815-0932\jre\bin\msvcp140.dll
0x00007ff9d8f60000 - 0x00007ff9d9a7e000 	C:\Users\unais\.p2\pool\plugins\org.eclipse.justj.openjdk.hotspot.jre.full.win32.x86_64_14.0.2.v20200815-0932\jre\bin\server\jvm.dll
0x00007ffa42630000 - 0x00007ffa426d3000 	C:\Windows\System32\ADVAPI32.dll
0x00007ffa43b00000 - 0x00007ffa43b97000 	C:\Windows\System32\sechost.dll
0x00007ffa43e20000 - 0x00007ffa43e28000 	C:\Windows\System32\PSAPI.DLL
0x00007ffa3edc0000 - 0x00007ffa3ede4000 	C:\Windows\SYSTEM32\WINMM.dll
0x00007ffa2bd40000 - 0x00007ffa2bd49000 	C:\Windows\SYSTEM32\WSOCK32.dll
0x00007ffa3b3e0000 - 0x00007ffa3b3ea000 	C:\Windows\SYSTEM32\VERSION.dll
0x00007ffa43d00000 - 0x00007ffa43d6f000 	C:\Windows\System32\WS2_32.dll
0x00007ffa3e940000 - 0x00007ffa3e96d000 	C:\Windows\SYSTEM32\winmmbase.dll
0x00007ffa419f0000 - 0x00007ffa41a3a000 	C:\Windows\System32\cfgmgr32.dll
0x00007ffa40ea0000 - 0x00007ffa40eb1000 	C:\Windows\System32\kernel.appcore.dll
0x00007ffa2af00000 - 0x00007ffa2af0a000 	C:\Users\unais\.p2\pool\plugins\org.eclipse.justj.openjdk.hotspot.jre.full.win32.x86_64_14.0.2.v20200815-0932\jre\bin\jimage.dll
0x00007ffa32190000 - 0x00007ffa32384000 	C:\Windows\SYSTEM32\DBGHELP.DLL
0x00007ffa32160000 - 0x00007ffa3218a000 	C:\Windows\SYSTEM32\dbgcore.DLL
0x00007ffa22570000 - 0x00007ffa22595000 	C:\Users\unais\.p2\pool\plugins\org.eclipse.justj.openjdk.hotspot.jre.full.win32.x86_64_14.0.2.v20200815-0932\jre\bin\java.dll
0x00007ffa225f0000 - 0x00007ffa22606000 	C:\Users\unais\.p2\pool\plugins\org.eclipse.justj.openjdk.hotspot.jre.full.win32.x86_64_14.0.2.v20200815-0932\jre\bin\zip.dll

dbghelp: loaded successfully - version: 4.0.5 - missing functions: none
symbol engine: initialized successfully - sym options: 0x614 - pdb path: .;C:\Users\unais\.p2\pool\plugins\org.eclipse.justj.openjdk.hotspot.jre.full.win32.x86_64_14.0.2.v20200815-0932\jre\bin;C:\Windows\SYSTEM32;C:\Windows\WinSxS\amd64_microsoft.windows.common-controls_6595b64144ccf1df_6.0.18362.1198_none_9e820b57e45ad92f;C:\Users\unais\.p2\pool\plugins\org.eclipse.justj.openjdk.hotspot.jre.full.win32.x86_64_14.0.2.v20200815-0932\jre\bin\server

VM Arguments:
jvm_args: -Dfile.encoding=Cp1252 -XX:+ShowCodeDetailsInExceptionMessages 
java_command: ProyectoG4.VGeneros
java_class_path (initial): F:\EWorkspace\Grupo4\ProyectoG4\bin\main;F:\EWorkspace\Grupo4\ProyectoG4\bin\default;C:\Users\unais\.gradle\caches\modules-2\files-2.1\org.apache.commons\commons-math3\3.6.1\e4ba98f1d4b3c80ec46392f25e094a6a2e58fcbf\commons-math3-3.6.1.jar;C:\Users\unais\.gradle\caches\modules-2\files-2.1\com.google.guava\guava\28.2-jre\8ec9ed76528425762174f0011ce8f74ad845b756\guava-28.2-jre.jar;C:\Users\unais\.gradle\caches\modules-2\files-2.1\com.google.guava\failureaccess\1.0.1\1dcf1de382a0bf95a3d8b0849546c88bac1292c9\failureaccess-1.0.1.jar;C:\Users\unais\.gradle\caches\modules-2\files-2.1\com.google.guava\listenablefuture\9999.0-empty-to-avoid-conflict-with-guava\b421526c5f297295adef1c886e5246c39d4ac629\listenablefuture-9999.0-empty-to-avoid-conflict-with-guava.jar;C:\Users\unais\.gradle\caches\modules-2\files-2.1\com.google.code.findbugs\jsr305\3.0.2\25ea2e8b0c338a877313bd4672d3fe056ea78f0d\jsr305-3.0.2.jar;C:\Users\unais\.gradle\caches\modules-2\files-2.1\org.checkerframework\checker-qual\2.10.0\5786699a0cb71f9dc32e6cca1d665eef07a0882f\checker-qual-2.10.0.jar;C:\Users\unais\.gradle\caches\modules-2\files-2.1\com.google.errorprone\error_prone_annotations\2.3.4\dac170e4594de319655ffb62f41cbd6dbb5e601e\error_prone_annotations-2.3.4.jar;C:\Users\unais\.gradle\caches\modules-2\files-2.1\com.google.j2objc\j2objc-annotations\1.3\ba035118bc8bac37d7eff77700720999acd9986d\j2objc-annotations-1.3.jar
Launcher Type: SUN_STANDARD

[Global flags]
     intx CICompilerCount                          = 4                                         {product} {ergonomic}
     uint ConcGCThreads                            = 3                                         {product} {ergonomic}
     uint G1ConcRefinementThreads                  = 10                                        {product} {ergonomic}
   size_t G1HeapRegionSize                         = 1048576                                   {product} {ergonomic}
    uintx GCDrainStackTargetSize                   = 64                                        {product} {ergonomic}
   size_t InitialHeapSize                          = 268435456                                 {product} {ergonomic}
   size_t MarkStackSize                            = 4194304                                   {product} {ergonomic}
   size_t MaxHeapSize                              = 4280287232                                {product} {ergonomic}
   size_t MinHeapDeltaBytes                        = 1048576                                   {product} {ergonomic}
   size_t MinHeapSize                              = 8388608                                   {product} {ergonomic}
    uintx NonNMethodCodeHeapSize                   = 5839372                                {pd product} {ergonomic}
    uintx NonProfiledCodeHeapSize                  = 122909434                              {pd product} {ergonomic}
    uintx ProfiledCodeHeapSize                     = 122909434                              {pd product} {ergonomic}
    uintx ReservedCodeCacheSize                    = 251658240                              {pd product} {ergonomic}
     bool SegmentedCodeCache                       = true                                      {product} {ergonomic}
     bool ShowCodeDetailsInExceptionMessages       = true                                   {manageable} {command line}
   size_t SoftMaxHeapSize                          = 4280287232                             {manageable} {ergonomic}
     bool UseCompressedClassPointers               = true                                 {lp64_product} {ergonomic}
     bool UseCompressedOops                        = true                                 {lp64_product} {ergonomic}
     bool UseG1GC                                  = true                                      {product} {ergonomic}
     bool UseLargePagesIndividualAllocation        = false                                  {pd product} {ergonomic}

Logging:
Log output configuration:
 #0: stdout all=warning uptime,level,tags
 #1: stderr all=off uptime,level,tags

Environment Variables:
PATH=C:/Users/unais/.p2/pool/plugins/org.eclipse.justj.openjdk.hotspot.jre.full.win32.x86_64_14.0.2.v20200815-0932/jre/bin/server;C:/Users/unais/.p2/pool/plugins/org.eclipse.justj.openjdk.hotspot.jre.full.win32.x86_64_14.0.2.v20200815-0932/jre/bin;C:\Program Files (x86)\Common Files\Oracle\Java\javapath;F:\Programas\ORACLE1\dbhomeXE\bin;F:\Programas\Oracle\dbhomeXE\bin;C:\Windows\system32;C:\Windows;C:\Windows\System32\Wbem;C:\Windows\System32\WindowsPowerShell\v1.0\;C:\Windows\System32\OpenSSH\;F:\Programas\Git\cmd;C:\Users\unais\AppData\Local\Microsoft\WindowsApps;;C:\Users\unais\OneDrive\Escritorio\Apps clase;
USERNAME=unais
OS=Windows_NT
PROCESSOR_IDENTIFIER=AMD64 Family 23 Model 8 Stepping 2, AuthenticAMD



---------------  S Y S T E M  ---------------

OS: Windows 10 , 64 bit Build 18362 (10.0.18362.1110)
OS uptime: 0 days 12:20 hours

CPU:total 12 (initial active 12) (12 cores per cpu, 2 threads per core) family 23 model 8 stepping 2, cmov, cx8, fxsr, mmx, sse, sse2, sse3, ssse3, sse4.1, sse4.2, popcnt, avx, avx2, aes, clmul, mmxext, 3dnowpref, lzcnt, sse4a, ht, tsc, tscinvbit, tscinv, bmi1, bmi2, adx, sha, fma

Memory: 4k page, system-wide physical 16320M (7210M free)
TotalPageFile size 26187M (AvailPageFile size 43M)
current process WorkingSet (physical memory assigned to process): 10M, peak: 10M
current process commit charge ("private bytes"): 65M, peak: 321M

vm_info: OpenJDK 64-Bit Server VM (14.0.2+12-46) for windows-amd64 JRE (14.0.2+12-46), built on Jul  9 2020 00:31:16 by "mach5one" with MS VC++ 15.9 (VS2017)

END.
